TpTrace Verbose: 0 : 26420, 1, 2022/10/26, 22:25:29.645, 110074528439, vstest.console.dll, Version: 17.3.1 Current process architecture: X64
TpTrace Verbose: 0 : 26420, 1, 2022/10/26, 22:25:29.646, 110074541390, vstest.console.dll, Runtime location: C:\Program Files\dotnet\shared\Microsoft.NETCore.App\6.0.10
TpTrace Information: 0 : 26420, 1, 2022/10/26, 22:25:29.651, 110074585343, vstest.console.dll, FilePatternParser: The given file C:\Users\icaro\Documents\Projetos\Indg\Trader\bin\Debug\net6.0\fine-code-coverage\build-output\Trader.Api.dll is a full path.
TpTrace Verbose: 0 : 26420, 1, 2022/10/26, 22:25:29.654, 110074621555, vstest.console.dll, TestPluginCache.DiscoverTestExtensions: finding test extensions in assemblies ends with: RuntimeProvider.dll TPluginInfo: Microsoft.VisualStudio.TestPlatform.Common.ExtensionFramework.Utilities.TestRuntimePluginInformation TExtension: Microsoft.VisualStudio.TestPlatform.ObjectModel.Host.ITestRuntimeProvider
TpTrace Verbose: 0 : 26420, 1, 2022/10/26, 22:25:29.654, 110074624185, vstest.console.dll, TestPluginCache.GetExtensionPaths: Filtered extension paths: 
TpTrace Verbose: 0 : 26420, 1, 2022/10/26, 22:25:29.655, 110074624818, vstest.console.dll, TestPluginCache.GetExtensionPaths: Added default extension paths: C:\Program Files\dotnet\sdk\6.0.402\Extensions\Microsoft.Diagnostics.NETCore.Client.dll
C:\Program Files\dotnet\sdk\6.0.402\Extensions\Microsoft.TestPlatform.Extensions.BlameDataCollector.dll
C:\Program Files\dotnet\sdk\6.0.402\Extensions\Microsoft.TestPlatform.Extensions.EventLogCollector.dll
C:\Program Files\dotnet\sdk\6.0.402\Extensions\Microsoft.TestPlatform.TestHostRuntimeProvider.dll
C:\Program Files\dotnet\sdk\6.0.402\Extensions\Microsoft.VisualStudio.TestPlatform.Extensions.Html.TestLogger.dll
C:\Program Files\dotnet\sdk\6.0.402\Extensions\Microsoft.VisualStudio.TestPlatform.Extensions.Trx.TestLogger.dll
TpTrace Verbose: 0 : 26420, 1, 2022/10/26, 22:25:29.655, 110074625050, vstest.console.dll, TestPluginCache.GetExtensionPaths: Added unfilterableExtensionPaths: 
TpTrace Information: 0 : 26420, 1, 2022/10/26, 22:25:29.655, 110074629514, vstest.console.dll, AssemblyResolver.ctor: Creating AssemblyResolver with searchDirectories C:\Program Files\dotnet\sdk\6.0.402\Extensions,C:\Program Files\dotnet\sdk\6.0.402
TpTrace Verbose: 0 : 26420, 1, 2022/10/26, 22:25:29.656, 110074635032, vstest.console.dll, TestPluginCache.DiscoverTestExtensions: Discovering the extensions using extension path.
TpTrace Verbose: 0 : 26420, 1, 2022/10/26, 22:25:29.656, 110074635877, vstest.console.dll, TestPluginCache.GetExtensionPaths: Filtered extension paths: 
TpTrace Verbose: 0 : 26420, 1, 2022/10/26, 22:25:29.656, 110074636093, vstest.console.dll, TestPluginCache.GetExtensionPaths: Added default extension paths: C:\Program Files\dotnet\sdk\6.0.402\Extensions\Microsoft.Diagnostics.NETCore.Client.dll
C:\Program Files\dotnet\sdk\6.0.402\Extensions\Microsoft.TestPlatform.Extensions.BlameDataCollector.dll
C:\Program Files\dotnet\sdk\6.0.402\Extensions\Microsoft.TestPlatform.Extensions.EventLogCollector.dll
C:\Program Files\dotnet\sdk\6.0.402\Extensions\Microsoft.TestPlatform.TestHostRuntimeProvider.dll
C:\Program Files\dotnet\sdk\6.0.402\Extensions\Microsoft.VisualStudio.TestPlatform.Extensions.Html.TestLogger.dll
C:\Program Files\dotnet\sdk\6.0.402\Extensions\Microsoft.VisualStudio.TestPlatform.Extensions.Trx.TestLogger.dll
TpTrace Verbose: 0 : 26420, 1, 2022/10/26, 22:25:29.656, 110074636272, vstest.console.dll, TestPluginCache.GetExtensionPaths: Added unfilterableExtensionPaths: 
TpTrace Verbose: 0 : 26420, 1, 2022/10/26, 22:25:29.656, 110074636592, vstest.console.dll, TestPluginCache.DiscoverTestExtensions: Discovering the extensions using allExtensionPaths: C:\Program Files\dotnet\sdk\6.0.402\Extensions\Microsoft.Diagnostics.NETCore.Client.dll
C:\Program Files\dotnet\sdk\6.0.402\Extensions\Microsoft.TestPlatform.Extensions.BlameDataCollector.dll
C:\Program Files\dotnet\sdk\6.0.402\Extensions\Microsoft.TestPlatform.Extensions.EventLogCollector.dll
C:\Program Files\dotnet\sdk\6.0.402\Extensions\Microsoft.TestPlatform.TestHostRuntimeProvider.dll
C:\Program Files\dotnet\sdk\6.0.402\Extensions\Microsoft.VisualStudio.TestPlatform.Extensions.Html.TestLogger.dll
C:\Program Files\dotnet\sdk\6.0.402\Extensions\Microsoft.VisualStudio.TestPlatform.Extensions.Trx.TestLogger.dll
TpTrace Information: 0 : 26420, 1, 2022/10/26, 22:25:29.656, 110074637621, vstest.console.dll, AssemblyResolver.AddSearchDirectories: Adding more searchDirectories C:\Program Files\dotnet\sdk\6.0.402\Extensions,C:\Program Files\dotnet\sdk\6.0.402
TpTrace Information: 0 : 26420, 1, 2022/10/26, 22:25:29.656, 110074637953, vstest.console.dll, AssemblyResolver.AddSearchDirectories: Adding more searchDirectories C:\Program Files\dotnet\sdk\6.0.402\Extensions,C:\Program Files\dotnet\sdk\6.0.402
TpTrace Information: 0 : 26420, 1, 2022/10/26, 22:25:29.656, 110074638125, vstest.console.dll, AssemblyResolver.AddSearchDirectories: Adding more searchDirectories C:\Program Files\dotnet\sdk\6.0.402\Extensions,C:\Program Files\dotnet\sdk\6.0.402
TpTrace Information: 0 : 26420, 1, 2022/10/26, 22:25:29.656, 110074638298, vstest.console.dll, AssemblyResolver.AddSearchDirectories: Adding more searchDirectories C:\Program Files\dotnet\sdk\6.0.402\Extensions,C:\Program Files\dotnet\sdk\6.0.402
TpTrace Information: 0 : 26420, 1, 2022/10/26, 22:25:29.656, 110074638443, vstest.console.dll, AssemblyResolver.AddSearchDirectories: Adding more searchDirectories C:\Program Files\dotnet\sdk\6.0.402\Extensions,C:\Program Files\dotnet\sdk\6.0.402
TpTrace Information: 0 : 26420, 1, 2022/10/26, 22:25:29.656, 110074638583, vstest.console.dll, AssemblyResolver.AddSearchDirectories: Adding more searchDirectories C:\Program Files\dotnet\sdk\6.0.402\Extensions,C:\Program Files\dotnet\sdk\6.0.402
TpTrace Information: 0 : 26420, 1, 2022/10/26, 22:25:29.656, 110074640506, vstest.console.dll, AssemblyResolver.OnResolve: Microsoft.Diagnostics.NETCore.Client: Resolving assembly.
TpTrace Information: 0 : 26420, 1, 2022/10/26, 22:25:29.656, 110074640928, vstest.console.dll, AssemblyResolver.OnResolve: Microsoft.Diagnostics.NETCore.Client: Searching in: 'C:\Program Files\dotnet\sdk\6.0.402\Extensions'.
TpTrace Information: 0 : 26420, 1, 2022/10/26, 22:25:29.657, 110074645123, vstest.console.dll, AssemblyResolver.OnResolve: Microsoft.Diagnostics.NETCore.Client: Loading assembly 'C:\Program Files\dotnet\sdk\6.0.402\Extensions\Microsoft.Diagnostics.NETCore.Client.dll'.
TpTrace Information: 0 : 26420, 1, 2022/10/26, 22:25:29.657, 110074649274, vstest.console.dll, AssemblyResolver.OnResolve: Resolved assembly: Microsoft.Diagnostics.NETCore.Client, from path: C:\Program Files\dotnet\sdk\6.0.402\Extensions\Microsoft.Diagnostics.NETCore.Client.dll
TpTrace Verbose: 0 : 26420, 1, 2022/10/26, 22:25:29.660, 110074677513, vstest.console.dll, MetadataReaderExtensionsHelper: Discovering extensions inside assembly 'Microsoft.Diagnostics.NETCore.Client, Version=0.2.5.801, Culture=neutral, PublicKeyToken=31bf3856ad364e35' file path 'C:\Program Files\dotnet\sdk\6.0.402\Extensions\Microsoft.Diagnostics.NETCore.Client.dll'
TpTrace Information: 0 : 26420, 1, 2022/10/26, 22:25:29.667, 110074744947, vstest.console.dll, AssemblyResolver.OnResolve: Microsoft.Bcl.AsyncInterfaces: Resolving assembly.
TpTrace Information: 0 : 26420, 1, 2022/10/26, 22:25:29.667, 110074745870, vstest.console.dll, AssemblyResolver.OnResolve: Microsoft.Bcl.AsyncInterfaces: Searching in: 'C:\Program Files\dotnet\sdk\6.0.402\Extensions'.
TpTrace Information: 0 : 26420, 1, 2022/10/26, 22:25:29.667, 110074746603, vstest.console.dll, AssemblyResolver.OnResolve: Microsoft.Bcl.AsyncInterfaces: Assembly path does not exist: 'C:\Program Files\dotnet\sdk\6.0.402\Extensions\Microsoft.Bcl.AsyncInterfaces.dll', returning.
TpTrace Information: 0 : 26420, 1, 2022/10/26, 22:25:29.667, 110074747221, vstest.console.dll, AssemblyResolver.OnResolve: Microsoft.Bcl.AsyncInterfaces: Assembly path does not exist: 'C:\Program Files\dotnet\sdk\6.0.402\Extensions\Microsoft.Bcl.AsyncInterfaces.exe', returning.
TpTrace Information: 0 : 26420, 1, 2022/10/26, 22:25:29.667, 110074747494, vstest.console.dll, AssemblyResolver.OnResolve: Microsoft.Bcl.AsyncInterfaces: Searching in: 'C:\Program Files\dotnet\sdk\6.0.402'.
TpTrace Information: 0 : 26420, 1, 2022/10/26, 22:25:29.667, 110074748362, vstest.console.dll, AssemblyResolver.OnResolve: Microsoft.Bcl.AsyncInterfaces: Assembly path does not exist: 'C:\Program Files\dotnet\sdk\6.0.402\Microsoft.Bcl.AsyncInterfaces.dll', returning.
TpTrace Information: 0 : 26420, 1, 2022/10/26, 22:25:29.667, 110074748789, vstest.console.dll, AssemblyResolver.OnResolve: Microsoft.Bcl.AsyncInterfaces: Assembly path does not exist: 'C:\Program Files\dotnet\sdk\6.0.402\Microsoft.Bcl.AsyncInterfaces.exe', returning.
TpTrace Information: 0 : 26420, 1, 2022/10/26, 22:25:29.667, 110074749001, vstest.console.dll, AssemblyResolver.OnResolve: Microsoft.Bcl.AsyncInterfaces: Failed to load assembly.
TpTrace Verbose: 0 : 26420, 1, 2022/10/26, 22:25:29.667, 110074749218, vstest.console.dll, CurrentDomainAssemblyResolve: Resolving assembly 'Microsoft.Bcl.AsyncInterfaces'.
TpTrace Information: 0 : 26420, 1, 2022/10/26, 22:25:29.667, 110074749559, vstest.console.dll, AssemblyResolver.OnResolve: Microsoft.Bcl.AsyncInterfaces: Resolving assembly.
TpTrace Information: 0 : 26420, 1, 2022/10/26, 22:25:29.667, 110074749785, vstest.console.dll, AssemblyResolver.OnResolve: Microsoft.Bcl.AsyncInterfaces: Resolved from cache.
TpTrace Verbose: 0 : 26420, 1, 2022/10/26, 22:25:29.667, 110074749946, vstest.console.dll, CurrentDomainAssemblyResolve: Resolving assembly 'Microsoft.Bcl.AsyncInterfaces'.
TpTrace Verbose: 0 : 26420, 1, 2022/10/26, 22:25:29.667, 110074750166, vstest.console.dll, CurrentDomainAssemblyResolve: Failed to resolve assembly 'Microsoft.Bcl.AsyncInterfaces'.
TpTrace Verbose: 0 : 26420, 1, 2022/10/26, 22:25:29.667, 110074753309, vstest.console.dll, CurrentDomainAssemblyResolve: Failed to resolve assembly 'Microsoft.Bcl.AsyncInterfaces'.
TpTrace Warning: 0 : 26420, 1, 2022/10/26, 22:25:29.677, 110074849496, vstest.console.dll, TestPluginDiscoverer: Failed to get types from assembly 'Microsoft.Diagnostics.NETCore.Client, Version=0.2.5.801, Culture=neutral, PublicKeyToken=31bf3856ad364e35'. Error: System.Reflection.ReflectionTypeLoadException: Unable to load one or more of the requested types.
Could not load file or assembly 'Microsoft.Bcl.AsyncInterfaces, Version=1.0.0.0, Culture=neutral, PublicKeyToken=cc7b13ffcd2ddd51'. O sistema não pode encontrar o arquivo especificado.
   at System.Reflection.RuntimeModule.GetTypes(RuntimeModule module)
   at System.Reflection.Assembly.GetTypes()
   at Microsoft.VisualStudio.TestPlatform.Common.ExtensionFramework.TestPluginDiscoverer.GetTestExtensionsFromAssembly[TPluginInfo,TExtension](Assembly assembly, Dictionary`2 pluginInfos, String filePath)
System.IO.FileNotFoundException: Could not load file or assembly 'Microsoft.Bcl.AsyncInterfaces, Version=1.0.0.0, Culture=neutral, PublicKeyToken=cc7b13ffcd2ddd51'. O sistema não pode encontrar o arquivo especificado.
File name: 'Microsoft.Bcl.AsyncInterfaces, Version=1.0.0.0, Culture=neutral, PublicKeyToken=cc7b13ffcd2ddd51'
 ---> System.IO.FileNotFoundException: Could not load file or assembly 'Microsoft.Bcl.AsyncInterfaces, Culture=neutral, PublicKeyToken=null'. O sistema não pode encontrar o arquivo especificado.
File name: 'Microsoft.Bcl.AsyncInterfaces, Culture=neutral, PublicKeyToken=null'
   at System.Reflection.RuntimeAssembly.InternalLoad(ObjectHandleOnStack assemblyName, ObjectHandleOnStack requestingAssembly, StackCrawlMarkHandle stackMark, Boolean throwOnFileNotFound, ObjectHandleOnStack assemblyLoadContext, ObjectHandleOnStack retAssembly)
   at System.Reflection.RuntimeAssembly.InternalLoad(AssemblyName assemblyName, RuntimeAssembly requestingAssembly, StackCrawlMark& stackMark, Boolean throwOnFileNotFound, AssemblyLoadContext assemblyLoadContext)
   at System.Reflection.Assembly.Load(AssemblyName assemblyRef)
   at Microsoft.VisualStudio.TestPlatform.Common.ExtensionFramework.TestPluginCache.CurrentDomainAssemblyResolve(Object sender, AssemblyResolveEventArgs args)
   at Microsoft.VisualStudio.TestPlatform.PlatformAbstractions.PlatformAssemblyResolver.AssemblyResolverEvent(Object sender, Object eventArgs)
   at System.Runtime.Loader.AssemblyLoadContext.GetFirstResolvedAssemblyFromResolvingEvent(AssemblyName assemblyName)
   at System.Runtime.Loader.AssemblyLoadContext.ResolveUsingEvent(AssemblyName assemblyName)
   at System.Runtime.Loader.AssemblyLoadContext.ResolveUsingResolvingEvent(IntPtr gchManagedAssemblyLoadContext, AssemblyName assemblyName)
TpTrace Warning: 0 : 26420, 1, 2022/10/26, 22:25:29.677, 110074853627, vstest.console.dll, LoaderExceptions: System.IO.FileNotFoundException: Could not load file or assembly 'Microsoft.Bcl.AsyncInterfaces, Version=1.0.0.0, Culture=neutral, PublicKeyToken=cc7b13ffcd2ddd51'. O sistema não pode encontrar o arquivo especificado.
File name: 'Microsoft.Bcl.AsyncInterfaces, Version=1.0.0.0, Culture=neutral, PublicKeyToken=cc7b13ffcd2ddd51'
 ---> System.IO.FileNotFoundException: Could not load file or assembly 'Microsoft.Bcl.AsyncInterfaces, Culture=neutral, PublicKeyToken=null'. O sistema não pode encontrar o arquivo especificado.
File name: 'Microsoft.Bcl.AsyncInterfaces, Culture=neutral, PublicKeyToken=null'
   at System.Reflection.RuntimeAssembly.InternalLoad(ObjectHandleOnStack assemblyName, ObjectHandleOnStack requestingAssembly, StackCrawlMarkHandle stackMark, Boolean throwOnFileNotFound, ObjectHandleOnStack assemblyLoadContext, ObjectHandleOnStack retAssembly)
   at System.Reflection.RuntimeAssembly.InternalLoad(AssemblyName assemblyName, RuntimeAssembly requestingAssembly, StackCrawlMark& stackMark, Boolean throwOnFileNotFound, AssemblyLoadContext assemblyLoadContext)
   at System.Reflection.Assembly.Load(AssemblyName assemblyRef)
   at Microsoft.VisualStudio.TestPlatform.Common.ExtensionFramework.TestPluginCache.CurrentDomainAssemblyResolve(Object sender, AssemblyResolveEventArgs args)
   at Microsoft.VisualStudio.TestPlatform.PlatformAbstractions.PlatformAssemblyResolver.AssemblyResolverEvent(Object sender, Object eventArgs)
   at System.Runtime.Loader.AssemblyLoadContext.GetFirstResolvedAssemblyFromResolvingEvent(AssemblyName assemblyName)
   at System.Runtime.Loader.AssemblyLoadContext.ResolveUsingEvent(AssemblyName assemblyName)
   at System.Runtime.Loader.AssemblyLoadContext.ResolveUsingResolvingEvent(IntPtr gchManagedAssemblyLoadContext, AssemblyName assemblyName)
TpTrace Information: 0 : 26420, 1, 2022/10/26, 22:25:29.678, 110074855281, vstest.console.dll, AssemblyResolver.OnResolve: Microsoft.TestPlatform.Extensions.BlameDataCollector: Resolving assembly.
TpTrace Information: 0 : 26420, 1, 2022/10/26, 22:25:29.678, 110074855653, vstest.console.dll, AssemblyResolver.OnResolve: Microsoft.TestPlatform.Extensions.BlameDataCollector: Searching in: 'C:\Program Files\dotnet\sdk\6.0.402\Extensions'.
TpTrace Information: 0 : 26420, 1, 2022/10/26, 22:25:29.678, 110074859878, vstest.console.dll, AssemblyResolver.OnResolve: Microsoft.TestPlatform.Extensions.BlameDataCollector: Loading assembly 'C:\Program Files\dotnet\sdk\6.0.402\Extensions\Microsoft.TestPlatform.Extensions.BlameDataCollector.dll'.
TpTrace Information: 0 : 26420, 1, 2022/10/26, 22:25:29.679, 110074864641, vstest.console.dll, AssemblyResolver.OnResolve: Resolved assembly: Microsoft.TestPlatform.Extensions.BlameDataCollector, from path: C:\Program Files\dotnet\sdk\6.0.402\Extensions\Microsoft.TestPlatform.Extensions.BlameDataCollector.dll
TpTrace Verbose: 0 : 26420, 1, 2022/10/26, 22:25:29.679, 110074865262, vstest.console.dll, MetadataReaderExtensionsHelper: Discovering extensions inside assembly 'Microsoft.TestPlatform.Extensions.BlameDataCollector, Version=15.0.0.0, Culture=neutral, PublicKeyToken=b03f5f7f11d50a3a' file path 'C:\Program Files\dotnet\sdk\6.0.402\Extensions\Microsoft.TestPlatform.Extensions.BlameDataCollector.dll'
TpTrace Information: 0 : 26420, 1, 2022/10/26, 22:25:29.680, 110074883243, vstest.console.dll, AssemblyResolver.OnResolve: Microsoft.TestPlatform.Extensions.EventLogCollector: Resolving assembly.
TpTrace Information: 0 : 26420, 1, 2022/10/26, 22:25:29.680, 110074884156, vstest.console.dll, AssemblyResolver.OnResolve: Microsoft.TestPlatform.Extensions.EventLogCollector: Searching in: 'C:\Program Files\dotnet\sdk\6.0.402\Extensions'.
TpTrace Information: 0 : 26420, 1, 2022/10/26, 22:25:29.681, 110074887274, vstest.console.dll, AssemblyResolver.OnResolve: Microsoft.TestPlatform.Extensions.EventLogCollector: Loading assembly 'C:\Program Files\dotnet\sdk\6.0.402\Extensions\Microsoft.TestPlatform.Extensions.EventLogCollector.dll'.
TpTrace Information: 0 : 26420, 1, 2022/10/26, 22:25:29.681, 110074891188, vstest.console.dll, AssemblyResolver.OnResolve: Resolved assembly: Microsoft.TestPlatform.Extensions.EventLogCollector, from path: C:\Program Files\dotnet\sdk\6.0.402\Extensions\Microsoft.TestPlatform.Extensions.EventLogCollector.dll
TpTrace Verbose: 0 : 26420, 1, 2022/10/26, 22:25:29.681, 110074891640, vstest.console.dll, MetadataReaderExtensionsHelper: Discovering extensions inside assembly 'Microsoft.TestPlatform.Extensions.EventLogCollector, Version=15.0.0.0, Culture=neutral, PublicKeyToken=b03f5f7f11d50a3a' file path 'C:\Program Files\dotnet\sdk\6.0.402\Extensions\Microsoft.TestPlatform.Extensions.EventLogCollector.dll'
TpTrace Information: 0 : 26420, 1, 2022/10/26, 22:25:29.682, 110074903154, vstest.console.dll, AssemblyResolver.OnResolve: Microsoft.TestPlatform.TestHostRuntimeProvider: Resolving assembly.
TpTrace Information: 0 : 26420, 1, 2022/10/26, 22:25:29.682, 110074903585, vstest.console.dll, AssemblyResolver.OnResolve: Microsoft.TestPlatform.TestHostRuntimeProvider: Searching in: 'C:\Program Files\dotnet\sdk\6.0.402\Extensions'.
TpTrace Information: 0 : 26420, 1, 2022/10/26, 22:25:29.683, 110074906313, vstest.console.dll, AssemblyResolver.OnResolve: Microsoft.TestPlatform.TestHostRuntimeProvider: Loading assembly 'C:\Program Files\dotnet\sdk\6.0.402\Extensions\Microsoft.TestPlatform.TestHostRuntimeProvider.dll'.
TpTrace Information: 0 : 26420, 1, 2022/10/26, 22:25:29.683, 110074913097, vstest.console.dll, AssemblyResolver.OnResolve: Resolved assembly: Microsoft.TestPlatform.TestHostRuntimeProvider, from path: C:\Program Files\dotnet\sdk\6.0.402\Extensions\Microsoft.TestPlatform.TestHostRuntimeProvider.dll
TpTrace Verbose: 0 : 26420, 1, 2022/10/26, 22:25:29.683, 110074913731, vstest.console.dll, MetadataReaderExtensionsHelper: Discovering extensions inside assembly 'Microsoft.TestPlatform.TestHostRuntimeProvider, Version=15.0.0.0, Culture=neutral, PublicKeyToken=b03f5f7f11d50a3a' file path 'C:\Program Files\dotnet\sdk\6.0.402\Extensions\Microsoft.TestPlatform.TestHostRuntimeProvider.dll'
TpTrace Information: 0 : 26420, 1, 2022/10/26, 22:25:29.685, 110074930367, vstest.console.dll, GetTestExtensionFromType: Register extension with identifier data 'HostProvider://DefaultTestHost' and type 'Microsoft.VisualStudio.TestPlatform.CrossPlatEngine.Hosting.DefaultTestHostManager, Microsoft.TestPlatform.TestHostRuntimeProvider, Version=15.0.0.0, Culture=neutral, PublicKeyToken=b03f5f7f11d50a3a' inside file 'C:\Program Files\dotnet\sdk\6.0.402\Extensions\Microsoft.TestPlatform.TestHostRuntimeProvider.dll'
TpTrace Information: 0 : 26420, 1, 2022/10/26, 22:25:29.685, 110074930911, vstest.console.dll, GetTestExtensionFromType: Register extension with identifier data 'HostProvider://DotnetTestHost' and type 'Microsoft.VisualStudio.TestPlatform.CrossPlatEngine.Hosting.DotnetTestHostManager, Microsoft.TestPlatform.TestHostRuntimeProvider, Version=15.0.0.0, Culture=neutral, PublicKeyToken=b03f5f7f11d50a3a' inside file 'C:\Program Files\dotnet\sdk\6.0.402\Extensions\Microsoft.TestPlatform.TestHostRuntimeProvider.dll'
TpTrace Information: 0 : 26420, 1, 2022/10/26, 22:25:29.685, 110074931481, vstest.console.dll, AssemblyResolver.OnResolve: Microsoft.VisualStudio.TestPlatform.Extensions.Html.TestLogger: Resolving assembly.
TpTrace Information: 0 : 26420, 1, 2022/10/26, 22:25:29.685, 110074931690, vstest.console.dll, AssemblyResolver.OnResolve: Microsoft.VisualStudio.TestPlatform.Extensions.Html.TestLogger: Searching in: 'C:\Program Files\dotnet\sdk\6.0.402\Extensions'.
TpTrace Information: 0 : 26420, 1, 2022/10/26, 22:25:29.686, 110074935157, vstest.console.dll, AssemblyResolver.OnResolve: Microsoft.VisualStudio.TestPlatform.Extensions.Html.TestLogger: Loading assembly 'C:\Program Files\dotnet\sdk\6.0.402\Extensions\Microsoft.VisualStudio.TestPlatform.Extensions.Html.TestLogger.dll'.
TpTrace Information: 0 : 26420, 1, 2022/10/26, 22:25:29.686, 110074939022, vstest.console.dll, AssemblyResolver.OnResolve: Resolved assembly: Microsoft.VisualStudio.TestPlatform.Extensions.Html.TestLogger, from path: C:\Program Files\dotnet\sdk\6.0.402\Extensions\Microsoft.VisualStudio.TestPlatform.Extensions.Html.TestLogger.dll
TpTrace Verbose: 0 : 26420, 1, 2022/10/26, 22:25:29.686, 110074939502, vstest.console.dll, MetadataReaderExtensionsHelper: Discovering extensions inside assembly 'Microsoft.VisualStudio.TestPlatform.Extensions.Html.TestLogger, Version=15.0.0.0, Culture=neutral, PublicKeyToken=b03f5f7f11d50a3a' file path 'C:\Program Files\dotnet\sdk\6.0.402\Extensions\Microsoft.VisualStudio.TestPlatform.Extensions.Html.TestLogger.dll'
TpTrace Information: 0 : 26420, 1, 2022/10/26, 22:25:29.687, 110074953517, vstest.console.dll, AssemblyResolver.OnResolve: Microsoft.VisualStudio.TestPlatform.Extensions.Trx.TestLogger: Resolving assembly.
TpTrace Information: 0 : 26420, 1, 2022/10/26, 22:25:29.687, 110074953892, vstest.console.dll, AssemblyResolver.OnResolve: Microsoft.VisualStudio.TestPlatform.Extensions.Trx.TestLogger: Searching in: 'C:\Program Files\dotnet\sdk\6.0.402\Extensions'.
TpTrace Information: 0 : 26420, 1, 2022/10/26, 22:25:29.688, 110074956567, vstest.console.dll, AssemblyResolver.OnResolve: Microsoft.VisualStudio.TestPlatform.Extensions.Trx.TestLogger: Loading assembly 'C:\Program Files\dotnet\sdk\6.0.402\Extensions\Microsoft.VisualStudio.TestPlatform.Extensions.Trx.TestLogger.dll'.
TpTrace Information: 0 : 26420, 1, 2022/10/26, 22:25:29.688, 110074960529, vstest.console.dll, AssemblyResolver.OnResolve: Resolved assembly: Microsoft.VisualStudio.TestPlatform.Extensions.Trx.TestLogger, from path: C:\Program Files\dotnet\sdk\6.0.402\Extensions\Microsoft.VisualStudio.TestPlatform.Extensions.Trx.TestLogger.dll
TpTrace Verbose: 0 : 26420, 1, 2022/10/26, 22:25:29.688, 110074960974, vstest.console.dll, MetadataReaderExtensionsHelper: Discovering extensions inside assembly 'Microsoft.VisualStudio.TestPlatform.Extensions.Trx.TestLogger, Version=15.0.0.0, Culture=neutral, PublicKeyToken=b03f5f7f11d50a3a' file path 'C:\Program Files\dotnet\sdk\6.0.402\Extensions\Microsoft.VisualStudio.TestPlatform.Extensions.Trx.TestLogger.dll'
TpTrace Verbose: 0 : 26420, 1, 2022/10/26, 22:25:29.689, 110074967867, vstest.console.dll, TestPluginCache: Discovered the extensions using extension path ''.
TpTrace Verbose: 0 : 26420, 1, 2022/10/26, 22:25:29.689, 110074968320, vstest.console.dll, TestPluginCache: Discoverers are ''.
TpTrace Verbose: 0 : 26420, 1, 2022/10/26, 22:25:29.689, 110074968486, vstest.console.dll, TestPluginCache: Executors are ''.
TpTrace Verbose: 0 : 26420, 1, 2022/10/26, 22:25:29.689, 110074968617, vstest.console.dll, TestPluginCache: Executors2 are ''.
TpTrace Verbose: 0 : 26420, 1, 2022/10/26, 22:25:29.689, 110074968737, vstest.console.dll, TestPluginCache: Setting providers are ''.
TpTrace Verbose: 0 : 26420, 1, 2022/10/26, 22:25:29.689, 110074968862, vstest.console.dll, TestPluginCache: Loggers are ''.
TpTrace Verbose: 0 : 26420, 1, 2022/10/26, 22:25:29.689, 110074970740, vstest.console.dll, TestPluginCache: TestHosts are 'HostProvider://DefaultTestHost,HostProvider://DotnetTestHost'.
TpTrace Verbose: 0 : 26420, 1, 2022/10/26, 22:25:29.689, 110074971160, vstest.console.dll, TestPluginCache: DataCollectors are ''.
TpTrace Information: 0 : 26420, 1, 2022/10/26, 22:25:29.697, 110075049974, vstest.console.dll, RunTestsArgumentProcessor:Execute: Test run is starting.
TpTrace Verbose: 0 : 26420, 1, 2022/10/26, 22:25:29.697, 110075050563, vstest.console.dll, RunTestsArgumentProcessor:Execute: Queuing Test run.
TpTrace Information: 0 : 26420, 1, 2022/10/26, 22:25:29.697, 110075052045, vstest.console.dll, TestRequestManager.RunTests: run tests started.
TpTrace Information: 0 : 26420, 1, 2022/10/26, 22:25:29.698, 110075060717, vstest.console.dll, AssemblyMetadataProvider.GetFrameworkName: Determined framework:'.NETCoreApp,Version=v6.0' for source: 'C:\Users\icaro\Documents\Projetos\Indg\Trader\bin\Debug\net6.0\fine-code-coverage\build-output\Trader.Api.dll'
TpTrace Information: 0 : 26420, 1, 2022/10/26, 22:25:29.698, 110075061592, vstest.console.dll, Determined framework for all sources: .NETCoreApp,Version=v6.0
TpTrace Verbose: 0 : 26420, 1, 2022/10/26, 22:25:29.699, 110075065061, vstest.console.dll, TestRequestManager.UpdateRunSettingsIfRequired: Default architecture: X64 IsDefaultTargetArchitecture: True, Current process architecture: X64 OperatingSystem: Windows.
TpTrace Information: 0 : 26420, 1, 2022/10/26, 22:25:29.700, 110075079478, vstest.console.dll, AssemblyMetadataProvider.GetArchitecture: Determined architecture:AnyCPU info for assembly: C:\Users\icaro\Documents\Projetos\Indg\Trader\bin\Debug\net6.0\fine-code-coverage\build-output\Trader.Api.dll
TpTrace Information: 0 : 26420, 1, 2022/10/26, 22:25:29.700, 110075079796, vstest.console.dll, Determined platform for source 'C:\Users\icaro\Documents\Projetos\Indg\Trader\bin\Debug\net6.0\fine-code-coverage\build-output\Trader.Api.dll' was AnyCPU and it will use the default plaform X64.
TpTrace Information: 0 : 26420, 1, 2022/10/26, 22:25:29.700, 110075079965, vstest.console.dll, None of the sources provided any runnable platform, using the default platform: X64
TpTrace Information: 0 : 26420, 1, 2022/10/26, 22:25:29.700, 110075080444, vstest.console.dll, Platform was updated to 'X64'.
TpTrace Information: 0 : 26420, 1, 2022/10/26, 22:25:29.702, 110075102407, vstest.console.dll, InferRunSettingsHelper.IsTestSettingsEnabled: Unable to navigate to RunSettings/MSTest. Current node: RunSettings
TpTrace Information: 0 : 26420, 1, 2022/10/26, 22:25:29.703, 110075106162, vstest.console.dll, AssemblyResolver.OnResolve: Microsoft.VisualStudio.TestPlatform.Fakes: Resolving assembly.
TpTrace Information: 0 : 26420, 1, 2022/10/26, 22:25:29.703, 110075106521, vstest.console.dll, AssemblyResolver.OnResolve: Microsoft.VisualStudio.TestPlatform.Fakes: Searching in: 'C:\Program Files\dotnet\sdk\6.0.402\Extensions'.
TpTrace Information: 0 : 26420, 1, 2022/10/26, 22:25:29.703, 110075107129, vstest.console.dll, AssemblyResolver.OnResolve: Microsoft.VisualStudio.TestPlatform.Fakes: Assembly path does not exist: 'C:\Program Files\dotnet\sdk\6.0.402\Extensions\Microsoft.VisualStudio.TestPlatform.Fakes.dll', returning.
TpTrace Information: 0 : 26420, 1, 2022/10/26, 22:25:29.703, 110075107531, vstest.console.dll, AssemblyResolver.OnResolve: Microsoft.VisualStudio.TestPlatform.Fakes: Assembly path does not exist: 'C:\Program Files\dotnet\sdk\6.0.402\Extensions\Microsoft.VisualStudio.TestPlatform.Fakes.exe', returning.
TpTrace Information: 0 : 26420, 1, 2022/10/26, 22:25:29.703, 110075107705, vstest.console.dll, AssemblyResolver.OnResolve: Microsoft.VisualStudio.TestPlatform.Fakes: Searching in: 'C:\Program Files\dotnet\sdk\6.0.402'.
TpTrace Information: 0 : 26420, 1, 2022/10/26, 22:25:29.703, 110075108108, vstest.console.dll, AssemblyResolver.OnResolve: Microsoft.VisualStudio.TestPlatform.Fakes: Assembly path does not exist: 'C:\Program Files\dotnet\sdk\6.0.402\Microsoft.VisualStudio.TestPlatform.Fakes.dll', returning.
TpTrace Information: 0 : 26420, 1, 2022/10/26, 22:25:29.703, 110075108518, vstest.console.dll, AssemblyResolver.OnResolve: Microsoft.VisualStudio.TestPlatform.Fakes: Assembly path does not exist: 'C:\Program Files\dotnet\sdk\6.0.402\Microsoft.VisualStudio.TestPlatform.Fakes.exe', returning.
TpTrace Information: 0 : 26420, 1, 2022/10/26, 22:25:29.703, 110075108684, vstest.console.dll, AssemblyResolver.OnResolve: Microsoft.VisualStudio.TestPlatform.Fakes: Failed to load assembly.
TpTrace Information: 0 : 26420, 1, 2022/10/26, 22:25:29.703, 110075110329, vstest.console.dll, Failed to load assembly Microsoft.VisualStudio.TestPlatform.Fakes, Version=17.0.0.0, Culture=neutral. Reason:System.IO.FileNotFoundException: Could not load file or assembly 'Microsoft.VisualStudio.TestPlatform.Fakes, Version=17.0.0.0, Culture=neutral, PublicKeyToken=null'. O sistema não pode encontrar o arquivo especificado.
File name: 'Microsoft.VisualStudio.TestPlatform.Fakes, Version=17.0.0.0, Culture=neutral, PublicKeyToken=null'
   at System.Reflection.RuntimeAssembly.InternalLoad(ObjectHandleOnStack assemblyName, ObjectHandleOnStack requestingAssembly, StackCrawlMarkHandle stackMark, Boolean throwOnFileNotFound, ObjectHandleOnStack assemblyLoadContext, ObjectHandleOnStack retAssembly)
   at System.Reflection.RuntimeAssembly.InternalLoad(AssemblyName assemblyName, RuntimeAssembly requestingAssembly, StackCrawlMark& stackMark, Boolean throwOnFileNotFound, AssemblyLoadContext assemblyLoadContext)
   at System.Reflection.Assembly.Load(AssemblyName assemblyRef)
   at Microsoft.VisualStudio.TestPlatform.Common.Utilities.FakesUtilities.LoadTestPlatformAssembly()
TpTrace Verbose: 0 : 26420, 1, 2022/10/26, 22:25:29.705, 110075131142, vstest.console.dll, TestPluginCache.DiscoverTestExtensions: finding test extensions in assemblies ends with: TestLogger.dll TPluginInfo: Microsoft.VisualStudio.TestPlatform.Common.ExtensionFramework.Utilities.TestLoggerPluginInformation TExtension: Microsoft.VisualStudio.TestPlatform.ObjectModel.Client.ITestLogger
TpTrace Verbose: 0 : 26420, 1, 2022/10/26, 22:25:29.705, 110075131590, vstest.console.dll, TestPluginCache.GetExtensionPaths: Filtered extension paths: 
TpTrace Verbose: 0 : 26420, 1, 2022/10/26, 22:25:29.705, 110075131775, vstest.console.dll, TestPluginCache.GetExtensionPaths: Added default extension paths: C:\Program Files\dotnet\sdk\6.0.402\Extensions\Microsoft.Diagnostics.NETCore.Client.dll
C:\Program Files\dotnet\sdk\6.0.402\Extensions\Microsoft.TestPlatform.Extensions.BlameDataCollector.dll
C:\Program Files\dotnet\sdk\6.0.402\Extensions\Microsoft.TestPlatform.Extensions.EventLogCollector.dll
C:\Program Files\dotnet\sdk\6.0.402\Extensions\Microsoft.TestPlatform.TestHostRuntimeProvider.dll
C:\Program Files\dotnet\sdk\6.0.402\Extensions\Microsoft.VisualStudio.TestPlatform.Extensions.Html.TestLogger.dll
C:\Program Files\dotnet\sdk\6.0.402\Extensions\Microsoft.VisualStudio.TestPlatform.Extensions.Trx.TestLogger.dll
TpTrace Verbose: 0 : 26420, 1, 2022/10/26, 22:25:29.705, 110075131958, vstest.console.dll, TestPluginCache.GetExtensionPaths: Added unfilterableExtensionPaths: 
TpTrace Information: 0 : 26420, 1, 2022/10/26, 22:25:29.705, 110075132676, vstest.console.dll, AssemblyResolver.AddSearchDirectories: Adding more searchDirectories C:\Program Files\dotnet\sdk\6.0.402\Extensions,C:\Program Files\dotnet\sdk\6.0.402
TpTrace Verbose: 0 : 26420, 1, 2022/10/26, 22:25:29.705, 110075132965, vstest.console.dll, TestPluginCache.DiscoverTestExtensions: Discovering the extensions using extension path.
TpTrace Verbose: 0 : 26420, 1, 2022/10/26, 22:25:29.705, 110075133262, vstest.console.dll, TestPluginCache.GetExtensionPaths: Filtered extension paths: 
TpTrace Verbose: 0 : 26420, 1, 2022/10/26, 22:25:29.705, 110075133458, vstest.console.dll, TestPluginCache.GetExtensionPaths: Added default extension paths: C:\Program Files\dotnet\sdk\6.0.402\Extensions\Microsoft.Diagnostics.NETCore.Client.dll
C:\Program Files\dotnet\sdk\6.0.402\Extensions\Microsoft.TestPlatform.Extensions.BlameDataCollector.dll
C:\Program Files\dotnet\sdk\6.0.402\Extensions\Microsoft.TestPlatform.Extensions.EventLogCollector.dll
C:\Program Files\dotnet\sdk\6.0.402\Extensions\Microsoft.TestPlatform.TestHostRuntimeProvider.dll
C:\Program Files\dotnet\sdk\6.0.402\Extensions\Microsoft.VisualStudio.TestPlatform.Extensions.Html.TestLogger.dll
C:\Program Files\dotnet\sdk\6.0.402\Extensions\Microsoft.VisualStudio.TestPlatform.Extensions.Trx.TestLogger.dll
TpTrace Verbose: 0 : 26420, 1, 2022/10/26, 22:25:29.705, 110075133635, vstest.console.dll, TestPluginCache.GetExtensionPaths: Added unfilterableExtensionPaths: 
TpTrace Verbose: 0 : 26420, 1, 2022/10/26, 22:25:29.705, 110075133806, vstest.console.dll, TestPluginCache.DiscoverTestExtensions: Discovering the extensions using allExtensionPaths: C:\Program Files\dotnet\sdk\6.0.402\Extensions\Microsoft.Diagnostics.NETCore.Client.dll
C:\Program Files\dotnet\sdk\6.0.402\Extensions\Microsoft.TestPlatform.Extensions.BlameDataCollector.dll
C:\Program Files\dotnet\sdk\6.0.402\Extensions\Microsoft.TestPlatform.Extensions.EventLogCollector.dll
C:\Program Files\dotnet\sdk\6.0.402\Extensions\Microsoft.TestPlatform.TestHostRuntimeProvider.dll
C:\Program Files\dotnet\sdk\6.0.402\Extensions\Microsoft.VisualStudio.TestPlatform.Extensions.Html.TestLogger.dll
C:\Program Files\dotnet\sdk\6.0.402\Extensions\Microsoft.VisualStudio.TestPlatform.Extensions.Trx.TestLogger.dll
TpTrace Information: 0 : 26420, 1, 2022/10/26, 22:25:29.705, 110075134130, vstest.console.dll, AssemblyResolver.AddSearchDirectories: Adding more searchDirectories C:\Program Files\dotnet\sdk\6.0.402\Extensions,C:\Program Files\dotnet\sdk\6.0.402
TpTrace Information: 0 : 26420, 1, 2022/10/26, 22:25:29.705, 110075134318, vstest.console.dll, AssemblyResolver.AddSearchDirectories: Adding more searchDirectories C:\Program Files\dotnet\sdk\6.0.402\Extensions,C:\Program Files\dotnet\sdk\6.0.402
TpTrace Information: 0 : 26420, 1, 2022/10/26, 22:25:29.706, 110075134466, vstest.console.dll, AssemblyResolver.AddSearchDirectories: Adding more searchDirectories C:\Program Files\dotnet\sdk\6.0.402\Extensions,C:\Program Files\dotnet\sdk\6.0.402
TpTrace Information: 0 : 26420, 1, 2022/10/26, 22:25:29.706, 110075134629, vstest.console.dll, AssemblyResolver.AddSearchDirectories: Adding more searchDirectories C:\Program Files\dotnet\sdk\6.0.402\Extensions,C:\Program Files\dotnet\sdk\6.0.402
TpTrace Information: 0 : 26420, 1, 2022/10/26, 22:25:29.706, 110075134771, vstest.console.dll, AssemblyResolver.AddSearchDirectories: Adding more searchDirectories C:\Program Files\dotnet\sdk\6.0.402\Extensions,C:\Program Files\dotnet\sdk\6.0.402
TpTrace Information: 0 : 26420, 1, 2022/10/26, 22:25:29.706, 110075134908, vstest.console.dll, AssemblyResolver.AddSearchDirectories: Adding more searchDirectories C:\Program Files\dotnet\sdk\6.0.402\Extensions,C:\Program Files\dotnet\sdk\6.0.402
TpTrace Verbose: 0 : 26420, 1, 2022/10/26, 22:25:29.706, 110075135598, vstest.console.dll, MetadataReaderExtensionsHelper: Discovering extensions inside assembly 'Microsoft.Diagnostics.NETCore.Client, Version=0.2.5.801, Culture=neutral, PublicKeyToken=31bf3856ad364e35' file path 'C:\Program Files\dotnet\sdk\6.0.402\Extensions\Microsoft.Diagnostics.NETCore.Client.dll'
TpTrace Information: 0 : 26420, 1, 2022/10/26, 22:25:29.706, 110075139193, vstest.console.dll, AssemblyResolver.OnResolve: Microsoft.Bcl.AsyncInterfaces: Resolving assembly.
TpTrace Information: 0 : 26420, 1, 2022/10/26, 22:25:29.706, 110075139492, vstest.console.dll, AssemblyResolver.OnResolve: Microsoft.Bcl.AsyncInterfaces: Resolved from cache.
TpTrace Verbose: 0 : 26420, 1, 2022/10/26, 22:25:29.706, 110075139705, vstest.console.dll, CurrentDomainAssemblyResolve: Resolving assembly 'Microsoft.Bcl.AsyncInterfaces'.
TpTrace Information: 0 : 26420, 1, 2022/10/26, 22:25:29.706, 110075139945, vstest.console.dll, AssemblyResolver.OnResolve: Microsoft.Bcl.AsyncInterfaces: Resolving assembly.
TpTrace Information: 0 : 26420, 1, 2022/10/26, 22:25:29.706, 110075140097, vstest.console.dll, AssemblyResolver.OnResolve: Microsoft.Bcl.AsyncInterfaces: Resolved from cache.
TpTrace Verbose: 0 : 26420, 1, 2022/10/26, 22:25:29.706, 110075140242, vstest.console.dll, CurrentDomainAssemblyResolve: Resolving assembly 'Microsoft.Bcl.AsyncInterfaces'.
TpTrace Verbose: 0 : 26420, 1, 2022/10/26, 22:25:29.706, 110075140370, vstest.console.dll, CurrentDomainAssemblyResolve: Failed to resolve assembly 'Microsoft.Bcl.AsyncInterfaces'.
TpTrace Verbose: 0 : 26420, 1, 2022/10/26, 22:25:29.706, 110075141210, vstest.console.dll, CurrentDomainAssemblyResolve: Failed to resolve assembly 'Microsoft.Bcl.AsyncInterfaces'.
TpTrace Warning: 0 : 26420, 1, 2022/10/26, 22:25:29.706, 110075143412, vstest.console.dll, TestPluginDiscoverer: Failed to get types from assembly 'Microsoft.Diagnostics.NETCore.Client, Version=0.2.5.801, Culture=neutral, PublicKeyToken=31bf3856ad364e35'. Error: System.Reflection.ReflectionTypeLoadException: Unable to load one or more of the requested types.
Could not load file or assembly 'Microsoft.Bcl.AsyncInterfaces, Version=1.0.0.0, Culture=neutral, PublicKeyToken=cc7b13ffcd2ddd51'. O sistema não pode encontrar o arquivo especificado.
   at System.Reflection.RuntimeModule.GetTypes(RuntimeModule module)
   at System.Reflection.Assembly.GetTypes()
   at Microsoft.VisualStudio.TestPlatform.Common.ExtensionFramework.TestPluginDiscoverer.GetTestExtensionsFromAssembly[TPluginInfo,TExtension](Assembly assembly, Dictionary`2 pluginInfos, String filePath)
System.IO.FileNotFoundException: Could not load file or assembly 'Microsoft.Bcl.AsyncInterfaces, Version=1.0.0.0, Culture=neutral, PublicKeyToken=cc7b13ffcd2ddd51'. O sistema não pode encontrar o arquivo especificado.
File name: 'Microsoft.Bcl.AsyncInterfaces, Version=1.0.0.0, Culture=neutral, PublicKeyToken=cc7b13ffcd2ddd51'
 ---> System.IO.FileNotFoundException: Could not load file or assembly 'Microsoft.Bcl.AsyncInterfaces, Culture=neutral, PublicKeyToken=null'. O sistema não pode encontrar o arquivo especificado.
File name: 'Microsoft.Bcl.AsyncInterfaces, Culture=neutral, PublicKeyToken=null'
   at System.Reflection.RuntimeAssembly.InternalLoad(ObjectHandleOnStack assemblyName, ObjectHandleOnStack requestingAssembly, StackCrawlMarkHandle stackMark, Boolean throwOnFileNotFound, ObjectHandleOnStack assemblyLoadContext, ObjectHandleOnStack retAssembly)
   at System.Reflection.RuntimeAssembly.InternalLoad(AssemblyName assemblyName, RuntimeAssembly requestingAssembly, StackCrawlMark& stackMark, Boolean throwOnFileNotFound, AssemblyLoadContext assemblyLoadContext)
   at System.Reflection.Assembly.Load(AssemblyName assemblyRef)
   at Microsoft.VisualStudio.TestPlatform.Common.ExtensionFramework.TestPluginCache.CurrentDomainAssemblyResolve(Object sender, AssemblyResolveEventArgs args)
   at Microsoft.VisualStudio.TestPlatform.PlatformAbstractions.PlatformAssemblyResolver.AssemblyResolverEvent(Object sender, Object eventArgs)
   at System.Runtime.Loader.AssemblyLoadContext.GetFirstResolvedAssemblyFromResolvingEvent(AssemblyName assemblyName)
   at System.Runtime.Loader.AssemblyLoadContext.ResolveUsingEvent(AssemblyName assemblyName)
   at System.Runtime.Loader.AssemblyLoadContext.ResolveUsingResolvingEvent(IntPtr gchManagedAssemblyLoadContext, AssemblyName assemblyName)
TpTrace Warning: 0 : 26420, 1, 2022/10/26, 22:25:29.707, 110075144747, vstest.console.dll, LoaderExceptions: System.IO.FileNotFoundException: Could not load file or assembly 'Microsoft.Bcl.AsyncInterfaces, Version=1.0.0.0, Culture=neutral, PublicKeyToken=cc7b13ffcd2ddd51'. O sistema não pode encontrar o arquivo especificado.
File name: 'Microsoft.Bcl.AsyncInterfaces, Version=1.0.0.0, Culture=neutral, PublicKeyToken=cc7b13ffcd2ddd51'
 ---> System.IO.FileNotFoundException: Could not load file or assembly 'Microsoft.Bcl.AsyncInterfaces, Culture=neutral, PublicKeyToken=null'. O sistema não pode encontrar o arquivo especificado.
File name: 'Microsoft.Bcl.AsyncInterfaces, Culture=neutral, PublicKeyToken=null'
   at System.Reflection.RuntimeAssembly.InternalLoad(ObjectHandleOnStack assemblyName, ObjectHandleOnStack requestingAssembly, StackCrawlMarkHandle stackMark, Boolean throwOnFileNotFound, ObjectHandleOnStack assemblyLoadContext, ObjectHandleOnStack retAssembly)
   at System.Reflection.RuntimeAssembly.InternalLoad(AssemblyName assemblyName, RuntimeAssembly requestingAssembly, StackCrawlMark& stackMark, Boolean throwOnFileNotFound, AssemblyLoadContext assemblyLoadContext)
   at System.Reflection.Assembly.Load(AssemblyName assemblyRef)
   at Microsoft.VisualStudio.TestPlatform.Common.ExtensionFramework.TestPluginCache.CurrentDomainAssemblyResolve(Object sender, AssemblyResolveEventArgs args)
   at Microsoft.VisualStudio.TestPlatform.PlatformAbstractions.PlatformAssemblyResolver.AssemblyResolverEvent(Object sender, Object eventArgs)
   at System.Runtime.Loader.AssemblyLoadContext.GetFirstResolvedAssemblyFromResolvingEvent(AssemblyName assemblyName)
   at System.Runtime.Loader.AssemblyLoadContext.ResolveUsingEvent(AssemblyName assemblyName)
   at System.Runtime.Loader.AssemblyLoadContext.ResolveUsingResolvingEvent(IntPtr gchManagedAssemblyLoadContext, AssemblyName assemblyName)
TpTrace Verbose: 0 : 26420, 1, 2022/10/26, 22:25:29.707, 110075145396, vstest.console.dll, MetadataReaderExtensionsHelper: Discovering extensions inside assembly 'Microsoft.TestPlatform.Extensions.BlameDataCollector, Version=15.0.0.0, Culture=neutral, PublicKeyToken=b03f5f7f11d50a3a' file path 'C:\Program Files\dotnet\sdk\6.0.402\Extensions\Microsoft.TestPlatform.Extensions.BlameDataCollector.dll'
TpTrace Information: 0 : 26420, 1, 2022/10/26, 22:25:29.707, 110075149073, vstest.console.dll, GetTestExtensionFromType: Register extension with identifier data 'logger://Microsoft/TestPlatform/Extensions/Blame/v1' and type 'Microsoft.TestPlatform.Extensions.BlameDataCollector.BlameLogger, Microsoft.TestPlatform.Extensions.BlameDataCollector, Version=15.0.0.0, Culture=neutral, PublicKeyToken=b03f5f7f11d50a3a' inside file 'C:\Program Files\dotnet\sdk\6.0.402\Extensions\Microsoft.TestPlatform.Extensions.BlameDataCollector.dll'
TpTrace Verbose: 0 : 26420, 1, 2022/10/26, 22:25:29.707, 110075149495, vstest.console.dll, MetadataReaderExtensionsHelper: Discovering extensions inside assembly 'Microsoft.TestPlatform.Extensions.EventLogCollector, Version=15.0.0.0, Culture=neutral, PublicKeyToken=b03f5f7f11d50a3a' file path 'C:\Program Files\dotnet\sdk\6.0.402\Extensions\Microsoft.TestPlatform.Extensions.EventLogCollector.dll'
TpTrace Verbose: 0 : 26420, 1, 2022/10/26, 22:25:29.707, 110075152127, vstest.console.dll, MetadataReaderExtensionsHelper: Discovering extensions inside assembly 'Microsoft.TestPlatform.TestHostRuntimeProvider, Version=15.0.0.0, Culture=neutral, PublicKeyToken=b03f5f7f11d50a3a' file path 'C:\Program Files\dotnet\sdk\6.0.402\Extensions\Microsoft.TestPlatform.TestHostRuntimeProvider.dll'
TpTrace Verbose: 0 : 26420, 1, 2022/10/26, 22:25:29.708, 110075155420, vstest.console.dll, MetadataReaderExtensionsHelper: Discovering extensions inside assembly 'Microsoft.VisualStudio.TestPlatform.Extensions.Html.TestLogger, Version=15.0.0.0, Culture=neutral, PublicKeyToken=b03f5f7f11d50a3a' file path 'C:\Program Files\dotnet\sdk\6.0.402\Extensions\Microsoft.VisualStudio.TestPlatform.Extensions.Html.TestLogger.dll'
TpTrace Information: 0 : 26420, 1, 2022/10/26, 22:25:29.708, 110075158569, vstest.console.dll, GetTestExtensionFromType: Register extension with identifier data 'logger://Microsoft/TestPlatform/HtmlLogger/v1' and type 'Microsoft.VisualStudio.TestPlatform.Extensions.HtmlLogger.HtmlLogger, Microsoft.VisualStudio.TestPlatform.Extensions.Html.TestLogger, Version=15.0.0.0, Culture=neutral, PublicKeyToken=b03f5f7f11d50a3a' inside file 'C:\Program Files\dotnet\sdk\6.0.402\Extensions\Microsoft.VisualStudio.TestPlatform.Extensions.Html.TestLogger.dll'
TpTrace Verbose: 0 : 26420, 1, 2022/10/26, 22:25:29.708, 110075158997, vstest.console.dll, MetadataReaderExtensionsHelper: Discovering extensions inside assembly 'Microsoft.VisualStudio.TestPlatform.Extensions.Trx.TestLogger, Version=15.0.0.0, Culture=neutral, PublicKeyToken=b03f5f7f11d50a3a' file path 'C:\Program Files\dotnet\sdk\6.0.402\Extensions\Microsoft.VisualStudio.TestPlatform.Extensions.Trx.TestLogger.dll'
TpTrace Information: 0 : 26420, 1, 2022/10/26, 22:25:29.708, 110075161965, vstest.console.dll, GetTestExtensionFromType: Register extension with identifier data 'logger://Microsoft/TestPlatform/TrxLogger/v1' and type 'Microsoft.VisualStudio.TestPlatform.Extensions.TrxLogger.TrxLogger, Microsoft.VisualStudio.TestPlatform.Extensions.Trx.TestLogger, Version=15.0.0.0, Culture=neutral, PublicKeyToken=b03f5f7f11d50a3a' inside file 'C:\Program Files\dotnet\sdk\6.0.402\Extensions\Microsoft.VisualStudio.TestPlatform.Extensions.Trx.TestLogger.dll'
TpTrace Verbose: 0 : 26420, 1, 2022/10/26, 22:25:29.708, 110075162427, vstest.console.dll, TestPluginCache: Discovered the extensions using extension path ''.
TpTrace Verbose: 0 : 26420, 1, 2022/10/26, 22:25:29.708, 110075162606, vstest.console.dll, TestPluginCache: Discoverers are ''.
TpTrace Verbose: 0 : 26420, 1, 2022/10/26, 22:25:29.708, 110075162735, vstest.console.dll, TestPluginCache: Executors are ''.
TpTrace Verbose: 0 : 26420, 1, 2022/10/26, 22:25:29.708, 110075162856, vstest.console.dll, TestPluginCache: Executors2 are ''.
TpTrace Verbose: 0 : 26420, 1, 2022/10/26, 22:25:29.708, 110075162972, vstest.console.dll, TestPluginCache: Setting providers are ''.
TpTrace Verbose: 0 : 26420, 1, 2022/10/26, 22:25:29.708, 110075163416, vstest.console.dll, TestPluginCache: Loggers are 'logger://Microsoft/TestPlatform/Extensions/Blame/v1,logger://Microsoft/TestPlatform/HtmlLogger/v1,logger://Microsoft/TestPlatform/TrxLogger/v1'.
TpTrace Verbose: 0 : 26420, 1, 2022/10/26, 22:25:29.708, 110075163746, vstest.console.dll, TestPluginCache: TestHosts are 'HostProvider://DefaultTestHost,HostProvider://DotnetTestHost'.
TpTrace Verbose: 0 : 26420, 1, 2022/10/26, 22:25:29.708, 110075163892, vstest.console.dll, TestPluginCache: DataCollectors are ''.
TpTrace Information: 0 : 26420, 1, 2022/10/26, 22:25:29.709, 110075167781, vstest.console.dll, TestPluginManager.CreateTestExtension: Attempting to load test extension: Microsoft.TestPlatform.Extensions.BlameDataCollector.BlameLogger
TpTrace Verbose: 0 : 26420, 1, 2022/10/26, 22:25:29.712, 110075199915, vstest.console.dll, TestEngine: Initializing Parallel Execution as MaxCpuCount is set to: 1
TpTrace Information: 0 : 26420, 1, 2022/10/26, 22:25:29.713, 110075208548, vstest.console.dll, TestPluginManager.CreateTestExtension: Attempting to load test extension: Microsoft.VisualStudio.TestPlatform.CrossPlatEngine.Hosting.DefaultTestHostManager
TpTrace Information: 0 : 26420, 1, 2022/10/26, 22:25:29.713, 110075212737, vstest.console.dll, TestPluginManager.CreateTestExtension: Attempting to load test extension: Microsoft.VisualStudio.TestPlatform.CrossPlatEngine.Hosting.DotnetTestHostManager
TpTrace Information: 0 : 26420, 1, 2022/10/26, 22:25:29.714, 110075216394, vstest.console.dll, InferRunSettingsHelper.IsTestSettingsEnabled: Unable to navigate to RunSettings/MSTest. Current node: RunSettings
TpTrace Verbose: 0 : 26420, 1, 2022/10/26, 22:25:29.717, 110075245754, vstest.console.dll, TestEngine.GetExecutionManager: Chosen execution manager 'Microsoft.VisualStudio.TestPlatform.CrossPlatEngine.Client.Parallel.ParallelProxyExecutionManager, Microsoft.TestPlatform.CrossPlatEngine, Version=15.0.0.0, Culture=neutral, PublicKeyToken=b03f5f7f11d50a3a' ParallelLevel '1'.
TpTrace Verbose: 0 : 26420, 1, 2022/10/26, 22:25:29.717, 110075246467, vstest.console.dll, TestRunRequest.ExecuteAsync: Creating test run request.
TpTrace Verbose: 0 : 26420, 1, 2022/10/26, 22:25:29.717, 110075247694, vstest.console.dll, TestRunRequest.ExecuteAsync: Starting.
TpTrace Information: 0 : 26420, 1, 2022/10/26, 22:25:29.717, 110075249573, vstest.console.dll, TestRunRequest.ExecuteAsync: Starting run with settings:TestRunCriteria:
   KeepAlive=False,FrequencyOfRunStatsChangeEvent=10,RunStatsChangeEventTimeout=00:00:01.5000000,TestCaseFilter=,TestExecutorLauncher=
   Settingsxml=<RunSettings>
  <RunConfiguration>
    <ResultsDirectory>C:\Users\icaro\Documents\Projetos\Indg\Trader\bin\Debug\net6.0\fine-code-coverage\coverage-tool-output</ResultsDirectory>
    <TargetPlatform>X64</TargetPlatform>
    <TargetFrameworkVersion>.NETCoreApp,Version=v6.0</TargetFrameworkVersion>
    <DesignMode>False</DesignMode>
    <CollectSourceInformation>False</CollectSourceInformation>
  </RunConfiguration>
  <LoggerRunSettings>
    <Loggers>
      <Logger friendlyName="blame" enabled="True" />
      <Logger friendlyName="Console" uri="logger://microsoft/TestPlatform/ConsoleLogger/v1" assemblyQualifiedName="Microsoft.VisualStudio.TestPlatform.CommandLine.Internal.ConsoleLogger, vstest.console, Version=15.0.0.0, Culture=neutral, PublicKeyToken=b03f5f7f11d50a3a" codeBase="C:\Program Files\dotnet\sdk\6.0.402\vstest.console.dll" enabled="True" />
    </Loggers>
  </LoggerRunSettings>
  <DataCollectionRunSettings>
    <DataCollectors>
      <DataCollector friendlyName="blame" enabled="True">
        <Configuration>
          <ResultsDirectory>C:\Users\icaro\Documents\Projetos\Indg\Trader\bin\Debug\net6.0\fine-code-coverage\coverage-tool-output</ResultsDirectory>
        </Configuration>
      </DataCollector>
    </DataCollectors>
  </DataCollectionRunSettings>
</RunSettings>

TpTrace Verbose: 0 : 26420, 1, 2022/10/26, 22:25:29.717, 110075249939, vstest.console.dll, TestRunRequest.ExecuteAsync: Wait for the first run request is over.
TpTrace Verbose: 0 : 26420, 1, 2022/10/26, 22:25:29.717, 110075251418, vstest.console.dll, MulticastDelegateUtilities.SafeInvoke: TestRun.TestRunStart: Invoking callbacks was skipped because there are no subscribers.
TpTrace Verbose: 0 : 26420, 4, 2022/10/26, 22:25:29.717, 110075252832, vstest.console.dll, MulticastDelegateUtilities.SafeInvoke: InternalTestLoggerEvents.SendTestRunStart: Invoking callback 1/1 for Microsoft.VisualStudio.TestPlatform.CommandLine.Internal.ConsoleLogger.TestRunStartHandler, took 0 ms.
TpTrace Verbose: 0 : 26420, 1, 2022/10/26, 22:25:29.718, 110075257128, vstest.console.dll, ParallelProxyExecutionManager: Start execution. Total sources: 1
TpTrace Verbose: 0 : 26420, 1, 2022/10/26, 22:25:29.719, 110075265755, vstest.console.dll, TestRequestSender is acting as server.
TpTrace Verbose: 0 : 26420, 1, 2022/10/26, 22:25:29.719, 110075272691, vstest.console.dll, DataCollectionRequestSender.InitializeCommunication : Initialize communication. 
TpTrace Information: 0 : 26420, 1, 2022/10/26, 22:25:29.722, 110075302952, vstest.console.dll, Listening on Endpoint : 127.0.0.1:55937
TpTrace Verbose: 0 : 26420, 1, 2022/10/26, 22:25:29.727, 110075345072, vstest.console.dll, DotnetDataCollectionLauncher: Adding  --runtimeconfig "C:\Program Files\dotnet\sdk\6.0.402\datacollector.runtimeconfig.json" in args
TpTrace Verbose: 0 : 26420, 1, 2022/10/26, 22:25:29.727, 110075345688, vstest.console.dll, DotnetDataCollectionLauncher: Adding  --depsfile "C:\Program Files\dotnet\sdk\6.0.402\datacollector.deps.json" in args
TpTrace Verbose: 0 : 26420, 1, 2022/10/26, 22:25:29.727, 110075346445, vstest.console.dll, DotnetDataCollectionLauncher: Full path of dotnet.exe is C:\Program Files\dotnet\dotnet.exe
TpTrace Information: 0 : 26420, 1, 2022/10/26, 22:25:29.732, 110075397622, vstest.console.dll, ProxyDataCollectionManager.Initialize: Launched datacollector processId: 16316 port: 55937
TpTrace Information: 0 : 26420, 1, 2022/10/26, 22:25:29.732, 110075398368, vstest.console.dll, ProxyDataCollectionManager.Initialize: waiting for connection with timeout: 90 seconds
TpTrace Verbose: 0 : 26420, 1, 2022/10/26, 22:25:29.732, 110075398747, vstest.console.dll, DataCollectionRequestSender.WaitForRequestHandlerConnection : Waiting for connection with timeout: 90000
TpTrace Information: 0 : 26420, 5, 2022/10/26, 22:25:29.806, 110076137217, vstest.console.dll, Using the buffer size of 16384 bytes
TpTrace Verbose: 0 : 26420, 1, 2022/10/26, 22:25:29.806, 110076137291, vstest.console.dll, SocketCommunicationManager.WaitForClientConnection took: 73 ms, with 90000 ms timeout, and finished with True.
TpTrace Information: 0 : 26420, 5, 2022/10/26, 22:25:29.806, 110076137782, vstest.console.dll, Accepted Client request and set the flag
TpTrace Verbose: 0 : 26420, 1, 2022/10/26, 22:25:29.806, 110076138460, vstest.console.dll, ProxyDataCollectionManager.InvokeDataCollectionServiceAction: Starting.
TpTrace Information: 0 : 26420, 1, 2022/10/26, 22:25:29.806, 110076138919, vstest.console.dll, ProxyDataCollectionManager.BeforeTestRunStart: Get environment variable and port for datacollector processId: 16316 port: 55937
TpTrace Verbose: 0 : 26420, 1, 2022/10/26, 22:25:29.806, 110076139568, vstest.console.dll, DataCollectionRequestSender.SendBeforeTestRunStartAndGetResult: Send BeforeTestRunStart message with settingsXml <RunSettings><RunConfiguration><ResultsDirectory>C:\Users\icaro\Documents\Projetos\Indg\Trader\bin\Debug\net6.0\fine-code-coverage\coverage-tool-output</ResultsDirectory><TargetPlatform>X64</TargetPlatform><TargetFrameworkVersion>.NETCoreApp,Version=v6.0</TargetFrameworkVersion><DesignMode>False</DesignMode><CollectSourceInformation>False</CollectSourceInformation><TestAdaptersPaths>C:\Program Files\dotnet\sdk\6.0.402\Extensions</TestAdaptersPaths></RunConfiguration><LoggerRunSettings><Loggers><Logger friendlyName="blame" enabled="True" /><Logger friendlyName="Console" uri="logger://microsoft/TestPlatform/ConsoleLogger/v1" assemblyQualifiedName="Microsoft.VisualStudio.TestPlatform.CommandLine.Internal.ConsoleLogger, vstest.console, Version=15.0.0.0, Culture=neutral, PublicKeyToken=b03f5f7f11d50a3a" codeBase="C:\Program Files\dotnet\sdk\6.0.402\vstest.console.dll" enabled="True" /></Loggers></LoggerRunSettings><DataCollectionRunSettings><DataCollectors><DataCollector friendlyName="blame" enabled="True"><Configuration><ResultsDirectory>C:\Users\icaro\Documents\Projetos\Indg\Trader\bin\Debug\net6.0\fine-code-coverage\coverage-tool-output</ResultsDirectory></Configuration></DataCollector></DataCollectors></DataCollectionRunSettings></RunSettings> and sources System.Collections.Generic.List`1[System.String]: 
TpTrace Verbose: 0 : 26420, 1, 2022/10/26, 22:25:29.842, 110076499629, vstest.console.dll, DataCollectionRequestSender.SendBeforeTestRunStartAndGetResult: Received message: (DataCollection.SendMessage) -> {"MessageType":"DataCollection.SendMessage","Payload":{"FriendlyName":null,"Uri":null,"TestCaseId":"00000000-0000-0000-0000-000000000000","Message":"Logging DataCollector Diagnostics in file: C:\\Users\\icaro\\Documents\\Projetos\\Indg\\Trader\\bin\\Debug\\net6.0\\fine-code-coverage\\coverage-tool-output\\diagnostics.datacollector.22-10-26_22-25-29_72693_1.log","Level":0}}
TpTrace Verbose: 0 : 26420, 1, 2022/10/26, 22:25:29.888, 110076958422, vstest.console.dll, DataCollectionRequestSender.SendBeforeTestRunStartAndGetResult: Received message: (DataCollection.BeforeTestRunStartResult) -> {"MessageType":"DataCollection.BeforeTestRunStartResult","Payload":{"EnvironmentVariables":{},"DataCollectionEventsPort":55939}}
TpTrace Information: 0 : 26420, 1, 2022/10/26, 22:25:29.891, 110076992204, vstest.console.dll, ProxyDataCollectionManager.BeforeTestRunStart: SendBeforeTestRunStartAndGetResult successful, env variable from datacollector:   and testhost port: 55939
TpTrace Information: 0 : 26420, 1, 2022/10/26, 22:25:29.891, 110076992643, vstest.console.dll, ProxyDataCollectionManager.InvokeDataCollectionServiceAction: Completed.
TpTrace Verbose: 0 : 26420, 7, 2022/10/26, 22:25:29.891, 110076993345, vstest.console.dll, ParallelProxyExecutionManager: Execution started. Started clients: 1
TpTrace Verbose: 0 : 26420, 1, 2022/10/26, 22:25:29.891, 110076993530, vstest.console.dll, ProxyParallelExecutionManager: No sources available for execution.
TpTrace Information: 0 : 26420, 1, 2022/10/26, 22:25:29.891, 110076993954, vstest.console.dll, TestRunRequest.ExecuteAsync: Started.
TpTrace Verbose: 0 : 26420, 1, 2022/10/26, 22:25:29.892, 110076994453, vstest.console.dll, TestRunRequest.WaitForCompletion: Waiting with timeout -1.
TpTrace Verbose: 0 : 26420, 7, 2022/10/26, 22:25:29.892, 110076995737, vstest.console.dll, TestRunRequest:SendTestRunMessage: Starting.
TpTrace Verbose: 0 : 26420, 7, 2022/10/26, 22:25:29.892, 110076996752, vstest.console.dll, MulticastDelegateUtilities.SafeInvoke: TestRun.LogMessages: Invoking callback 1/1 for Microsoft.VisualStudio.TestPlatform.CommandLine.TestRunResultAggregator.TestRunMessageHandler, took 0 ms.
TpTrace Verbose: 0 : 26420, 4, 2022/10/26, 22:25:29.892, 110076996769, vstest.console.dll, MulticastDelegateUtilities.SafeInvoke: InternalTestLoggerEvents.SendTestRunMessage: Invoking callback 1/1 for Microsoft.VisualStudio.TestPlatform.CommandLine.Internal.ConsoleLogger.TestMessageHandler, took 0 ms.
TpTrace Information: 0 : 26420, 7, 2022/10/26, 22:25:29.892, 110076997034, vstest.console.dll, TestRunRequest:SendTestRunMessage: Completed.
TpTrace Verbose: 0 : 26420, 7, 2022/10/26, 22:25:29.892, 110076998474, vstest.console.dll, ProxyExecutionManager: Test host is always Lazy initialize.
TpTrace Verbose: 0 : 26420, 7, 2022/10/26, 22:25:29.892, 110076999836, vstest.console.dll, TestRequestSender.InitializeCommunication: initialize communication. 
TpTrace Information: 0 : 26420, 7, 2022/10/26, 22:25:29.892, 110077002681, vstest.console.dll, SocketServer.Start: Listening on endpoint : 127.0.0.1:55940
TpTrace Verbose: 0 : 26420, 7, 2022/10/26, 22:25:29.893, 110077006532, vstest.console.dll, DotnetTestHostmanager.GetTestHostProcessStartInfo: Platform environment 'X64' target architecture 'X64' framework '.NETCoreApp,Version=v6.0' OS 'Windows'
TpTrace Verbose: 0 : 26420, 7, 2022/10/26, 22:25:29.893, 110077007705, vstest.console.dll, DotnetTestHostmanager: Adding  --runtimeconfig "C:\Users\icaro\Documents\Projetos\Indg\Trader\bin\Debug\net6.0\fine-code-coverage\build-output\Trader.Api.runtimeconfig.json" in args
TpTrace Verbose: 0 : 26420, 7, 2022/10/26, 22:25:29.893, 110077008279, vstest.console.dll, DotnetTestHostmanager: Adding  --depsfile "C:\Users\icaro\Documents\Projetos\Indg\Trader\bin\Debug\net6.0\fine-code-coverage\build-output\Trader.Api.deps.json" in args
TpTrace Verbose: 0 : 26420, 7, 2022/10/26, 22:25:29.893, 110077009262, vstest.console.dll, DotnetTestHostmanager.IsWinOnArm: Current PROCESSOR_ARCHITECTURE from environment variable 'AMD64'
TpTrace Verbose: 0 : 26420, 7, 2022/10/26, 22:25:29.893, 110077009589, vstest.console.dll, DotnetTestHostmanager.IsWinOnArm: Is Windows on ARM 'False'
TpTrace Verbose: 0 : 26420, 7, 2022/10/26, 22:25:29.893, 110077010096, vstest.console.dll, DotnetTestHostManager: testhost.exe found at path: C:\Users\icaro\Documents\Projetos\Indg\Trader\bin\Debug\net6.0\fine-code-coverage\build-output\testhost.exe
TpTrace Verbose: 0 : 26420, 7, 2022/10/26, 22:25:29.893, 110077010368, vstest.console.dll, DotnetTestHostmanager: Full path of host exe is C:\Users\icaro\Documents\Projetos\Indg\Trader\bin\Debug\net6.0\fine-code-coverage\build-output\testhost.exe
TpTrace Verbose: 0 : 26420, 7, 2022/10/26, 22:25:29.893, 110077011025, vstest.console.dll, DotnetTestHostmanager.LaunchTestHostAsync: Found 'VSTEST_WINAPPHOST_DOTNET_ROOT' in env variables, value 'C:\Program Files\dotnet', forwarding to 'DOTNET_ROOT'
TpTrace Verbose: 0 : 26420, 7, 2022/10/26, 22:25:29.893, 110077011793, vstest.console.dll, DotnetTestHostManager: Starting process 'C:\Users\icaro\Documents\Projetos\Indg\Trader\bin\Debug\net6.0\fine-code-coverage\build-output\testhost.exe' with command line ' --runtimeconfig "C:\Users\icaro\Documents\Projetos\Indg\Trader\bin\Debug\net6.0\fine-code-coverage\build-output\Trader.Api.runtimeconfig.json" --depsfile "C:\Users\icaro\Documents\Projetos\Indg\Trader\bin\Debug\net6.0\fine-code-coverage\build-output\Trader.Api.deps.json" --port 55940 --endpoint 127.0.0.1:055940 --role client --parentprocessid 26420 --diag "C:\Users\icaro\Documents\Projetos\Indg\Trader\bin\Debug\net6.0\fine-code-coverage\coverage-tool-output\diagnostics.host.22-10-26_22-25-29_89302_7.log" --tracelevel 4 --datacollectionport 55939 --telemetryoptedin false'
TpTrace Verbose: 0 : 26420, 7, 2022/10/26, 22:25:29.896, 110077042995, vstest.console.dll, MulticastDelegateUtilities.SafeInvoke: HostProviderEvents.OnHostLaunched: Invoking callback 1/2 for Microsoft.VisualStudio.TestPlatform.CrossPlatEngine.Client.ProxyExecutionManagerWithDataCollection.TestHostLaunchedHandler, took 0 ms.
TpTrace Verbose: 0 : 26420, 7, 2022/10/26, 22:25:29.896, 110077043507, vstest.console.dll, Test Runtime launched
TpTrace Verbose: 0 : 26420, 7, 2022/10/26, 22:25:29.896, 110077043806, vstest.console.dll, MulticastDelegateUtilities.SafeInvoke: HostProviderEvents.OnHostLaunched: Invoking callback 2/2 for Microsoft.VisualStudio.TestPlatform.CrossPlatEngine.Client.ProxyOperationManager.TestHostManagerHostLaunched, took 0 ms.
TpTrace Verbose: 0 : 26420, 7, 2022/10/26, 22:25:29.897, 110077044622, vstest.console.dll, TestRequestSender.WaitForRequestHandlerConnection: waiting for connection with timeout: 90000.
TpTrace Verbose: 0 : 26420, 7, 2022/10/26, 22:25:29.993, 110078008919, vstest.console.dll, TestRequestSender.WaitForRequestHandlerConnection: waiting took 96 ms, with timeout 90000 ms, and result 0, which is success.
TpTrace Verbose: 0 : 26420, 13, 2022/10/26, 22:25:29.993, 110078008926, vstest.console.dll, MulticastDelegateUtilities.SafeInvoke: SocketServer: ClientConnected: Invoking callback 1/1 for Microsoft.VisualStudio.TestPlatform.CommunicationUtilities.TestRequestSender.<InitializeCommunication>b__24_0, took 0 ms.
TpTrace Verbose: 0 : 26420, 13, 2022/10/26, 22:25:29.993, 110078009908, vstest.console.dll, SocketServer.OnClientConnected: Client connected for endPoint: 127.0.0.1:55940, starting MessageLoopAsync:
TpTrace Verbose: 0 : 26420, 10, 2022/10/26, 22:25:29.993, 110078012096, vstest.console.dll, TcpClientExtensions.MessageLoopAsync: Polling on remoteEndPoint: 127.0.0.1:55941 localEndPoint: 127.0.0.1:55940
TpTrace Verbose: 0 : 26420, 7, 2022/10/26, 22:25:29.994, 110078015150, vstest.console.dll, TestRequestSender.CheckVersionWithTestHost: Sending check version message: {"MessageType":"ProtocolVersion","Payload":7}
TpTrace Verbose: 0 : 26420, 10, 2022/10/26, 22:25:30.077, 110078844840, vstest.console.dll, TcpClientExtensions.MessageLoopAsync: NotifyDataAvailable remoteEndPoint: 127.0.0.1:55941 localEndPoint: 127.0.0.1:55940
TpTrace Verbose: 0 : 26420, 10, 2022/10/26, 22:25:30.077, 110078846459, vstest.console.dll, TestRequestSender.CheckVersionWithTestHost: onMessageReceived received message: (ProtocolVersion) -> {"MessageType":"ProtocolVersion","Payload":7}
TpTrace Verbose: 0 : 26420, 10, 2022/10/26, 22:25:30.077, 110078850208, vstest.console.dll, MulticastDelegateUtilities.SafeInvoke: LengthPrefixCommunicationChannel: MessageReceived: Invoking callback 1/1 for Microsoft.VisualStudio.TestPlatform.CommunicationUtilities.TestRequestSender+<>c__DisplayClass26_0.<CheckVersionWithTestHost>b__0, took 0 ms.
TpTrace Verbose: 0 : 26420, 7, 2022/10/26, 22:25:30.077, 110078850785, vstest.console.dll, TestPluginCache.GetExtensionPaths: Filtered extension paths: 
TpTrace Verbose: 0 : 26420, 10, 2022/10/26, 22:25:30.077, 110078850833, vstest.console.dll, TcpClientExtensions.MessageLoopAsync: Polling on remoteEndPoint: 127.0.0.1:55941 localEndPoint: 127.0.0.1:55940
TpTrace Verbose: 0 : 26420, 7, 2022/10/26, 22:25:30.077, 110078851282, vstest.console.dll, TestPluginCache.GetExtensionPaths: Added default extension paths: C:\Program Files\dotnet\sdk\6.0.402\Extensions\Microsoft.Diagnostics.NETCore.Client.dll
C:\Program Files\dotnet\sdk\6.0.402\Extensions\Microsoft.TestPlatform.Extensions.BlameDataCollector.dll
C:\Program Files\dotnet\sdk\6.0.402\Extensions\Microsoft.TestPlatform.Extensions.EventLogCollector.dll
C:\Program Files\dotnet\sdk\6.0.402\Extensions\Microsoft.TestPlatform.TestHostRuntimeProvider.dll
C:\Program Files\dotnet\sdk\6.0.402\Extensions\Microsoft.VisualStudio.TestPlatform.Extensions.Html.TestLogger.dll
C:\Program Files\dotnet\sdk\6.0.402\Extensions\Microsoft.VisualStudio.TestPlatform.Extensions.Trx.TestLogger.dll
TpTrace Verbose: 0 : 26420, 7, 2022/10/26, 22:25:30.077, 110078851848, vstest.console.dll, TestPluginCache.GetExtensionPaths: Added unfilterableExtensionPaths: 
TpTrace Verbose: 0 : 26420, 7, 2022/10/26, 22:25:30.079, 110078871370, vstest.console.dll, TestRequestSender.InitializeExecution: Sending initialize execution with message: {"Version":7,"MessageType":"TestExecution.Initialize","Payload":["C:\\Users\\icaro\\Documents\\Projetos\\Indg\\Trader\\bin\\Debug\\net6.0\\fine-code-coverage\\build-output\\xunit.runner.visualstudio.dotnetcore.testadapter.dll"]}
TpTrace Warning: 0 : 26420, 7, 2022/10/26, 22:25:30.079, 110078873499, vstest.console.dll, InferRunSettingsHelper.MakeRunsettingsCompatible: Removing the following settings: TargetPlatform from RunSettings file. To use those settings please move to latest version of Microsoft.NET.Test.Sdk
TpTrace Verbose: 0 : 26420, 10, 2022/10/26, 22:25:30.080, 110078883105, vstest.console.dll, TcpClientExtensions.MessageLoopAsync: NotifyDataAvailable remoteEndPoint: 127.0.0.1:55941 localEndPoint: 127.0.0.1:55940
TpTrace Verbose: 0 : 26420, 10, 2022/10/26, 22:25:30.080, 110078883777, vstest.console.dll, TestRequestSender.OnExecutionMessageReceived: Received message: {"Version":7,"MessageType":"TestSession.Message","Payload":{"MessageLevel":0,"Message":"Registro em log do diagnóstico TestHost no arquivo: C:\\Users\\icaro\\Documents\\Projetos\\Indg\\Trader\\bin\\Debug\\net6.0\\fine-code-coverage\\coverage-tool-output\\diagnostics.host.22-10-26_22-25-29_89302_7.log"}}
TpTrace Verbose: 0 : 26420, 10, 2022/10/26, 22:25:30.082, 110078897989, vstest.console.dll, TestRunRequest:SendTestRunMessage: Starting.
TpTrace Verbose: 0 : 26420, 10, 2022/10/26, 22:25:30.082, 110078898468, vstest.console.dll, MulticastDelegateUtilities.SafeInvoke: TestRun.LogMessages: Invoking callback 1/1 for Microsoft.VisualStudio.TestPlatform.CommandLine.TestRunResultAggregator.TestRunMessageHandler, took 0 ms.
TpTrace Information: 0 : 26420, 10, 2022/10/26, 22:25:30.082, 110078898644, vstest.console.dll, TestRunRequest:SendTestRunMessage: Completed.
TpTrace Verbose: 0 : 26420, 4, 2022/10/26, 22:25:30.082, 110078898613, vstest.console.dll, MulticastDelegateUtilities.SafeInvoke: InternalTestLoggerEvents.SendTestRunMessage: Invoking callback 1/1 for Microsoft.VisualStudio.TestPlatform.CommandLine.Internal.ConsoleLogger.TestMessageHandler, took 0 ms.
TpTrace Verbose: 0 : 26420, 10, 2022/10/26, 22:25:30.082, 110078898862, vstest.console.dll, MulticastDelegateUtilities.SafeInvoke: LengthPrefixCommunicationChannel: MessageReceived: Invoking callback 1/1 for Microsoft.VisualStudio.TestPlatform.CommunicationUtilities.TestRequestSender+<>c__DisplayClass31_0.<StartTestRun>b__1, took 1 ms.
TpTrace Verbose: 0 : 26420, 10, 2022/10/26, 22:25:30.082, 110078899511, vstest.console.dll, TcpClientExtensions.MessageLoopAsync: Polling on remoteEndPoint: 127.0.0.1:55941 localEndPoint: 127.0.0.1:55940
TpTrace Verbose: 0 : 26420, 7, 2022/10/26, 22:25:30.084, 110078920279, vstest.console.dll, TestRequestSender.StartTestRun: Sending test run with message: {"Version":7,"MessageType":"TestExecution.StartWithSources","Payload":{"AdapterSourceMap":{"_none_":["C:\\Users\\icaro\\Documents\\Projetos\\Indg\\Trader\\bin\\Debug\\net6.0\\fine-code-coverage\\build-output\\Trader.Api.dll"]},"RunSettings":"<RunSettings>\r\n  <RunConfiguration>\r\n    <ResultsDirectory>C:\\Users\\icaro\\Documents\\Projetos\\Indg\\Trader\\bin\\Debug\\net6.0\\fine-code-coverage\\coverage-tool-output</ResultsDirectory>\r\n    <TargetFrameworkVersion>.NETCoreApp,Version=v6.0</TargetFrameworkVersion>\r\n    <DesignMode>False</DesignMode>\r\n    <CollectSourceInformation>False</CollectSourceInformation>\r\n  </RunConfiguration>\r\n  <LoggerRunSettings>\r\n    <Loggers>\r\n      <Logger friendlyName=\"blame\" enabled=\"True\" />\r\n      <Logger friendlyName=\"Console\" uri=\"logger://microsoft/TestPlatform/ConsoleLogger/v1\" assemblyQualifiedName=\"Microsoft.VisualStudio.TestPlatform.CommandLine.Internal.ConsoleLogger, vstest.console, Version=15.0.0.0, Culture=neutral, PublicKeyToken=b03f5f7f11d50a3a\" codeBase=\"C:\\Program Files\\dotnet\\sdk\\6.0.402\\vstest.console.dll\" enabled=\"True\" />\r\n    </Loggers>\r\n  </LoggerRunSettings>\r\n  <DataCollectionRunSettings>\r\n    <DataCollectors>\r\n      <DataCollector friendlyName=\"blame\" enabled=\"True\">\r\n        <Configuration>\r\n          <ResultsDirectory>C:\\Users\\icaro\\Documents\\Projetos\\Indg\\Trader\\bin\\Debug\\net6.0\\fine-code-coverage\\coverage-tool-output</ResultsDirectory>\r\n        </Configuration>\r\n      </DataCollector>\r\n    </DataCollectors>\r\n  </DataCollectionRunSettings>\r\n</RunSettings>","TestExecutionContext":{"FrequencyOfRunStatsChangeEvent":10,"RunStatsChangeEventTimeout":"00:00:01.5000000","InIsolation":false,"KeepAlive":false,"AreTestCaseLevelEventsRequired":false,"IsDebug":false,"TestCaseFilter":null,"FilterOptions":null},"Package":null}}
TpTrace Verbose: 0 : 26420, 10, 2022/10/26, 22:25:30.189, 110079970640, vstest.console.dll, TcpClientExtensions.MessageLoopAsync: NotifyDataAvailable remoteEndPoint: 127.0.0.1:55941 localEndPoint: 127.0.0.1:55940
TpTrace Verbose: 0 : 26420, 10, 2022/10/26, 22:25:30.189, 110079971661, vstest.console.dll, TestRequestSender.OnExecutionMessageReceived: Received message: {"Version":7,"MessageType":"TestSession.Message","Payload":{"MessageLevel":0,"Message":"[xUnit.net 00:00:00.00] xUnit.net VSTest Adapter v2.4.5+1caef2f33e (64-bit .NET 6.0.10)"}}
TpTrace Verbose: 0 : 26420, 10, 2022/10/26, 22:25:30.189, 110079972935, vstest.console.dll, TestRunRequest:SendTestRunMessage: Starting.
TpTrace Verbose: 0 : 26420, 10, 2022/10/26, 22:25:30.189, 110079973316, vstest.console.dll, MulticastDelegateUtilities.SafeInvoke: TestRun.LogMessages: Invoking callback 1/1 for Microsoft.VisualStudio.TestPlatform.CommandLine.TestRunResultAggregator.TestRunMessageHandler, took 0 ms.
TpTrace Information: 0 : 26420, 10, 2022/10/26, 22:25:30.189, 110079973488, vstest.console.dll, TestRunRequest:SendTestRunMessage: Completed.
TpTrace Verbose: 0 : 26420, 4, 2022/10/26, 22:25:30.189, 110079973487, vstest.console.dll, MulticastDelegateUtilities.SafeInvoke: InternalTestLoggerEvents.SendTestRunMessage: Invoking callback 1/1 for Microsoft.VisualStudio.TestPlatform.CommandLine.Internal.ConsoleLogger.TestMessageHandler, took 0 ms.
TpTrace Verbose: 0 : 26420, 10, 2022/10/26, 22:25:30.189, 110079973636, vstest.console.dll, MulticastDelegateUtilities.SafeInvoke: LengthPrefixCommunicationChannel: MessageReceived: Invoking callback 1/1 for Microsoft.VisualStudio.TestPlatform.CommunicationUtilities.TestRequestSender+<>c__DisplayClass31_0.<StartTestRun>b__1, took 0 ms.
TpTrace Verbose: 0 : 26420, 10, 2022/10/26, 22:25:30.189, 110079974217, vstest.console.dll, TcpClientExtensions.MessageLoopAsync: Polling on remoteEndPoint: 127.0.0.1:55941 localEndPoint: 127.0.0.1:55940
TpTrace Verbose: 0 : 26420, 10, 2022/10/26, 22:25:31.177, 110089849393, vstest.console.dll, TcpClientExtensions.MessageLoopAsync: NotifyDataAvailable remoteEndPoint: 127.0.0.1:55941 localEndPoint: 127.0.0.1:55940
TpTrace Verbose: 0 : 26420, 10, 2022/10/26, 22:25:31.177, 110089851100, vstest.console.dll, TestRequestSender.OnExecutionMessageReceived: Received message: {"Version":7,"MessageType":"TestSession.Message","Payload":{"MessageLevel":0,"Message":"[xUnit.net 00:00:00.99]   Discovering: Trader.Api"}}
TpTrace Verbose: 0 : 26420, 10, 2022/10/26, 22:25:31.177, 110089852606, vstest.console.dll, TestRunRequest:SendTestRunMessage: Starting.
TpTrace Verbose: 0 : 26420, 10, 2022/10/26, 22:25:31.177, 110089853298, vstest.console.dll, MulticastDelegateUtilities.SafeInvoke: TestRun.LogMessages: Invoking callback 1/1 for Microsoft.VisualStudio.TestPlatform.CommandLine.TestRunResultAggregator.TestRunMessageHandler, took 0 ms.
TpTrace Verbose: 0 : 26420, 4, 2022/10/26, 22:25:31.177, 110089853476, vstest.console.dll, MulticastDelegateUtilities.SafeInvoke: InternalTestLoggerEvents.SendTestRunMessage: Invoking callback 1/1 for Microsoft.VisualStudio.TestPlatform.CommandLine.Internal.ConsoleLogger.TestMessageHandler, took 0 ms.
TpTrace Information: 0 : 26420, 10, 2022/10/26, 22:25:31.177, 110089853672, vstest.console.dll, TestRunRequest:SendTestRunMessage: Completed.
TpTrace Verbose: 0 : 26420, 10, 2022/10/26, 22:25:31.178, 110089854577, vstest.console.dll, MulticastDelegateUtilities.SafeInvoke: LengthPrefixCommunicationChannel: MessageReceived: Invoking callback 1/1 for Microsoft.VisualStudio.TestPlatform.CommunicationUtilities.TestRequestSender+<>c__DisplayClass31_0.<StartTestRun>b__1, took 0 ms.
TpTrace Verbose: 0 : 26420, 10, 2022/10/26, 22:25:31.178, 110089854908, vstest.console.dll, TcpClientExtensions.MessageLoopAsync: Polling on remoteEndPoint: 127.0.0.1:55941 localEndPoint: 127.0.0.1:55940
TpTrace Verbose: 0 : 26420, 10, 2022/10/26, 22:25:31.222, 110090295025, vstest.console.dll, TcpClientExtensions.MessageLoopAsync: NotifyDataAvailable remoteEndPoint: 127.0.0.1:55941 localEndPoint: 127.0.0.1:55940
TpTrace Verbose: 0 : 26420, 10, 2022/10/26, 22:25:31.222, 110090296282, vstest.console.dll, TestRequestSender.OnExecutionMessageReceived: Received message: {"Version":7,"MessageType":"TestSession.Message","Payload":{"MessageLevel":0,"Message":"[xUnit.net 00:00:01.03]   Discovered:  Trader.Api"}}
TpTrace Verbose: 0 : 26420, 10, 2022/10/26, 22:25:31.222, 110090297273, vstest.console.dll, TestRunRequest:SendTestRunMessage: Starting.
TpTrace Verbose: 0 : 26420, 10, 2022/10/26, 22:25:31.222, 110090297727, vstest.console.dll, MulticastDelegateUtilities.SafeInvoke: TestRun.LogMessages: Invoking callback 1/1 for Microsoft.VisualStudio.TestPlatform.CommandLine.TestRunResultAggregator.TestRunMessageHandler, took 0 ms.
TpTrace Verbose: 0 : 26420, 4, 2022/10/26, 22:25:31.222, 110090297911, vstest.console.dll, MulticastDelegateUtilities.SafeInvoke: InternalTestLoggerEvents.SendTestRunMessage: Invoking callback 1/1 for Microsoft.VisualStudio.TestPlatform.CommandLine.Internal.ConsoleLogger.TestMessageHandler, took 0 ms.
TpTrace Information: 0 : 26420, 10, 2022/10/26, 22:25:31.222, 110090297987, vstest.console.dll, TestRunRequest:SendTestRunMessage: Completed.
TpTrace Verbose: 0 : 26420, 10, 2022/10/26, 22:25:31.222, 110090298691, vstest.console.dll, MulticastDelegateUtilities.SafeInvoke: LengthPrefixCommunicationChannel: MessageReceived: Invoking callback 1/1 for Microsoft.VisualStudio.TestPlatform.CommunicationUtilities.TestRequestSender+<>c__DisplayClass31_0.<StartTestRun>b__1, took 0 ms.
TpTrace Verbose: 0 : 26420, 10, 2022/10/26, 22:25:31.222, 110090299180, vstest.console.dll, TcpClientExtensions.MessageLoopAsync: Polling on remoteEndPoint: 127.0.0.1:55941 localEndPoint: 127.0.0.1:55940
TpTrace Verbose: 0 : 26420, 10, 2022/10/26, 22:25:31.223, 110090308389, vstest.console.dll, TcpClientExtensions.MessageLoopAsync: NotifyDataAvailable remoteEndPoint: 127.0.0.1:55941 localEndPoint: 127.0.0.1:55940
TpTrace Verbose: 0 : 26420, 10, 2022/10/26, 22:25:31.223, 110090308956, vstest.console.dll, TestRequestSender.OnExecutionMessageReceived: Received message: {"Version":7,"MessageType":"TestSession.Message","Payload":{"MessageLevel":0,"Message":"[xUnit.net 00:00:01.03]   Starting:    Trader.Api"}}
TpTrace Verbose: 0 : 26420, 10, 2022/10/26, 22:25:31.223, 110090309481, vstest.console.dll, TestRunRequest:SendTestRunMessage: Starting.
TpTrace Verbose: 0 : 26420, 10, 2022/10/26, 22:25:31.223, 110090309762, vstest.console.dll, MulticastDelegateUtilities.SafeInvoke: TestRun.LogMessages: Invoking callback 1/1 for Microsoft.VisualStudio.TestPlatform.CommandLine.TestRunResultAggregator.TestRunMessageHandler, took 0 ms.
TpTrace Verbose: 0 : 26420, 4, 2022/10/26, 22:25:31.223, 110090309874, vstest.console.dll, MulticastDelegateUtilities.SafeInvoke: InternalTestLoggerEvents.SendTestRunMessage: Invoking callback 1/1 for Microsoft.VisualStudio.TestPlatform.CommandLine.Internal.ConsoleLogger.TestMessageHandler, took 0 ms.
TpTrace Information: 0 : 26420, 10, 2022/10/26, 22:25:31.223, 110090309956, vstest.console.dll, TestRunRequest:SendTestRunMessage: Completed.
TpTrace Verbose: 0 : 26420, 10, 2022/10/26, 22:25:31.223, 110090310399, vstest.console.dll, MulticastDelegateUtilities.SafeInvoke: LengthPrefixCommunicationChannel: MessageReceived: Invoking callback 1/1 for Microsoft.VisualStudio.TestPlatform.CommunicationUtilities.TestRequestSender+<>c__DisplayClass31_0.<StartTestRun>b__1, took 0 ms.
TpTrace Verbose: 0 : 26420, 10, 2022/10/26, 22:25:31.223, 110090310557, vstest.console.dll, TcpClientExtensions.MessageLoopAsync: Polling on remoteEndPoint: 127.0.0.1:55941 localEndPoint: 127.0.0.1:55940
TpTrace Verbose: 0 : 26420, 10, 2022/10/26, 22:25:31.345, 110091533658, vstest.console.dll, TcpClientExtensions.MessageLoopAsync: NotifyDataAvailable remoteEndPoint: 127.0.0.1:55941 localEndPoint: 127.0.0.1:55940
TpTrace Verbose: 0 : 26420, 10, 2022/10/26, 22:25:31.346, 110091535346, vstest.console.dll, TestRequestSender.OnExecutionMessageReceived: Received message: {"Version":7,"MessageType":"TestExecution.StatsChange","Payload":{"NewTestResults":[{"TestCase":{"Id":"d531989f-2d18-3438-7512-83256678e189","FullyQualifiedName":"Trader.Api.UnitTests.PersonTests.ShouldGetPersonById","DisplayName":"Trader.Api.UnitTests.PersonTests.ShouldGetPersonById","ExecutorUri":"executor://xunit/VsTestRunner2/netcoreapp","Source":"C:\\Users\\icaro\\Documents\\Projetos\\Indg\\Trader\\bin\\Debug\\net6.0\\fine-code-coverage\\build-output\\Trader.Api.dll","CodeFilePath":null,"LineNumber":0,"Properties":[]},"Attachments":[],"Outcome":1,"ErrorMessage":null,"ErrorStackTrace":null,"DisplayName":"Trader.Api.UnitTests.PersonTests.ShouldGetPersonById","Messages":[],"ComputerName":"ICAROCARVALHO","Duration":"00:00:00.0487885","StartTime":"2022-10-27T01:25:31.3095235+00:00","EndTime":"2022-10-27T01:25:31.3095381+00:00","Properties":[]},{"TestCase":{"Id":"4b39d05c-9341-9317-f8b6-5fdf46579d49","FullyQualifiedName":"Trader.Api.UnitTests.ItemTests.ShouldGetAll","DisplayName":"Trader.Api.UnitTests.ItemTests.ShouldGetAll","ExecutorUri":"executor://xunit/VsTestRunner2/netcoreapp","Source":"C:\\Users\\icaro\\Documents\\Projetos\\Indg\\Trader\\bin\\Debug\\net6.0\\fine-code-coverage\\build-output\\Trader.Api.dll","CodeFilePath":null,"LineNumber":0,"Properties":[]},"Attachments":[],"Outcome":1,"ErrorMessage":null,"ErrorStackTrace":null,"DisplayName":"Trader.Api.UnitTests.ItemTests.ShouldGetAll","Messages":[],"ComputerName":"ICAROCARVALHO","Duration":"00:00:00.0509665","StartTime":"2022-10-27T01:25:31.3213453+00:00","EndTime":"2022-10-27T01:25:31.3213454+00:00","Properties":[]},{"TestCase":{"Id":"58cd12ad-117f-ffef-2ad8-20d28a0e00db","FullyQualifiedName":"Trader.Api.UnitTests.ItemTests.ShouldUpdateItem","DisplayName":"Trader.Api.UnitTests.ItemTests.ShouldUpdateItem","ExecutorUri":"executor://xunit/VsTestRunner2/netcoreapp","Source":"C:\\Users\\icaro\\Documents\\Projetos\\Indg\\Trader\\bin\\Debug\\net6.0\\fine-code-coverage\\build-output\\Trader.Api.dll","CodeFilePath":null,"LineNumber":0,"Properties":[]},"Attachments":[],"Outcome":1,"ErrorMessage":null,"ErrorStackTrace":null,"DisplayName":"Trader.Api.UnitTests.ItemTests.ShouldUpdateItem","Messages":[],"ComputerName":"ICAROCARVALHO","Duration":"00:00:00.0054518","StartTime":"2022-10-27T01:25:31.3235251+00:00","EndTime":"2022-10-27T01:25:31.3235251+00:00","Properties":[]},{"TestCase":{"Id":"d20e8e6f-130c-0c46-8d32-6d55fe3ba93a","FullyQualifiedName":"Trader.Api.UnitTests.PersonTests.ShouldDeletePerson","DisplayName":"Trader.Api.UnitTests.PersonTests.ShouldDeletePerson","ExecutorUri":"executor://xunit/VsTestRunner2/netcoreapp","Source":"C:\\Users\\icaro\\Documents\\Projetos\\Indg\\Trader\\bin\\Debug\\net6.0\\fine-code-coverage\\build-output\\Trader.Api.dll","CodeFilePath":null,"LineNumber":0,"Properties":[]},"Attachments":[],"Outcome":1,"ErrorMessage":null,"ErrorStackTrace":null,"DisplayName":"Trader.Api.UnitTests.PersonTests.ShouldDeletePerson","Messages":[],"ComputerName":"ICAROCARVALHO","Duration":"00:00:00.0054544","StartTime":"2022-10-27T01:25:31.3242074+00:00","EndTime":"2022-10-27T01:25:31.3242075+00:00","Properties":[]},{"TestCase":{"Id":"36810320-b9d5-3b60-0dd2-e39b7a45025e","FullyQualifiedName":"Trader.Api.UnitTests.ItemTransferTests.ShouldNotTransferItemPersonInactive","DisplayName":"Trader.Api.UnitTests.ItemTransferTests.ShouldNotTransferItemPersonInactive","ExecutorUri":"executor://xunit/VsTestRunner2/netcoreapp","Source":"C:\\Users\\icaro\\Documents\\Projetos\\Indg\\Trader\\bin\\Debug\\net6.0\\fine-code-coverage\\build-output\\Trader.Api.dll","CodeFilePath":null,"LineNumber":0,"Properties":[]},"Attachments":[],"Outcome":1,"ErrorMessage":null,"ErrorStackTrace":null,"DisplayName":"Trader.Api.UnitTests.ItemTransferTests.ShouldNotTransferItemPersonInactive","Messages":[],"ComputerName":"ICAROCARVALHO","Duration":"00:00:00.0591077","StartTime":"2022-10-27T01:25:31.3257768+00:00","EndTime":"2022-10-27T01:25:31.3257769+00:00","Properties":[]},{"TestCase":{"Id":"b4e8b10a-b18f-8ef4-2d2d-5f3cbe0c5aba","FullyQualifiedName":"Trader.Api.UnitTests.PersonTests.ShouldGetAll","DisplayName":"Trader.Api.UnitTests.PersonTests.ShouldGetAll","ExecutorUri":"executor://xunit/VsTestRunner2/netcoreapp","Source":"C:\\Users\\icaro\\Documents\\Projetos\\Indg\\Trader\\bin\\Debug\\net6.0\\fine-code-coverage\\build-output\\Trader.Api.dll","CodeFilePath":null,"LineNumber":0,"Properties":[]},"Attachments":[],"Outcome":1,"ErrorMessage":null,"ErrorStackTrace":null,"DisplayName":"Trader.Api.UnitTests.PersonTests.ShouldGetAll","Messages":[],"ComputerName":"ICAROCARVALHO","Duration":"00:00:00.0010322","StartTime":"2022-10-27T01:25:31.3267582+00:00","EndTime":"2022-10-27T01:25:31.3267583+00:00","Properties":[]},{"TestCase":{"Id":"29873739-1656-a110-6513-04c1e2ba7f56","FullyQualifiedName":"Trader.Api.UnitTests.ItemTests.ShouldInativateItens","DisplayName":"Trader.Api.UnitTests.ItemTests.ShouldInativateItens","ExecutorUri":"executor://xunit/VsTestRunner2/netcoreapp","Source":"C:\\Users\\icaro\\Documents\\Projetos\\Indg\\Trader\\bin\\Debug\\net6.0\\fine-code-coverage\\build-output\\Trader.Api.dll","CodeFilePath":null,"LineNumber":0,"Properties":[]},"Attachments":[],"Outcome":1,"ErrorMessage":null,"ErrorStackTrace":null,"DisplayName":"Trader.Api.UnitTests.ItemTests.ShouldInativateItens","Messages":[],"ComputerName":"ICAROCARVALHO","Duration":"00:00:00.0011760","StartTime":"2022-10-27T01:25:31.3277653+00:00","EndTime":"2022-10-27T01:25:31.3277653+00:00","Properties":[]}],"TestRunStatistics":{"ExecutedTests":7,"Stats":{"Passed":7}},"ActiveTests":[{"Id":"4c496c0b-393b-0b02-02cb-ea740103c54b","FullyQualifiedName":"Trader.Api.UnitTests.ItemTransferTests.ShouldGetAll","DisplayName":"Trader.Api.UnitTests.ItemTransferTests.ShouldGetAll","ExecutorUri":"executor://xunit/VsTestRunner2/netcoreapp","Source":"C:\\Users\\icaro\\Documents\\Projetos\\Indg\\Trader\\bin\\Debug\\net6.0\\fine-code-coverage\\build-output\\Trader.Api.dll","CodeFilePath":null,"LineNumber":0,"Properties":[]},{"Id":"cee9b1ba-9867-55d6-a2e9-fdf330699f5b","FullyQualifiedName":"Trader.Api.UnitTests.PersonTests.ShouldNotUpdatePersonNameAlreadyExists","DisplayName":"Trader.Api.UnitTests.PersonTests.ShouldNotUpdatePersonNameAlreadyExists(PersonId: 1, Name: \"Marcos\")","ExecutorUri":"executor://xunit/VsTestRunner2/netcoreapp","Source":"C:\\Users\\icaro\\Documents\\Projetos\\Indg\\Trader\\bin\\Debug\\net6.0\\fine-code-coverage\\build-output\\Trader.Api.dll","CodeFilePath":null,"LineNumber":0,"Properties":[]},{"Id":"42e06b69-9770-9c1e-eaf2-bd45dfac8b86","FullyQualifiedName":"Trader.Api.UnitTests.ItemTests.ShouldNotUpdateItemAlreadyExists","DisplayName":"Trader.Api.UnitTests.ItemTests.ShouldNotUpdateItemAlreadyExists","ExecutorUri":"executor://xunit/VsTestRunner2/netcoreapp","Source":"C:\\Users\\icaro\\Documents\\Projetos\\Indg\\Trader\\bin\\Debug\\net6.0\\fine-code-coverage\\build-output\\Trader.Api.dll","CodeFilePath":null,"LineNumber":0,"Properties":[]}]}}
TpTrace Verbose: 0 : 26420, 10, 2022/10/26, 22:25:31.359, 110091671655, vstest.console.dll, TestRunRequest:SendTestRunStatsChange: Starting.
TpTrace Verbose: 0 : 26420, 10, 2022/10/26, 22:25:31.359, 110091672424, vstest.console.dll, InProgress is Trader.Api.UnitTests.ItemTransferTests.ShouldGetAll
TpTrace Verbose: 0 : 26420, 10, 2022/10/26, 22:25:31.359, 110091672635, vstest.console.dll, InProgress is Trader.Api.UnitTests.PersonTests.ShouldNotUpdatePersonNameAlreadyExists(PersonId: 1, Name: "Marcos")
TpTrace Verbose: 0 : 26420, 10, 2022/10/26, 22:25:31.359, 110091672808, vstest.console.dll, InProgress is Trader.Api.UnitTests.ItemTests.ShouldNotUpdateItemAlreadyExists
TpTrace Verbose: 0 : 26420, 10, 2022/10/26, 22:25:31.359, 110091674043, vstest.console.dll, MulticastDelegateUtilities.SafeInvoke: TestRun.RunStatsChanged: Invoking callbacks was skipped because there are no subscribers.
TpTrace Information: 0 : 26420, 10, 2022/10/26, 22:25:31.360, 110091674477, vstest.console.dll, TestRunRequest:SendTestRunStatsChange: Completed.
TpTrace Verbose: 0 : 26420, 10, 2022/10/26, 22:25:31.360, 110091674728, vstest.console.dll, MulticastDelegateUtilities.SafeInvoke: LengthPrefixCommunicationChannel: MessageReceived: Invoking callback 1/1 for Microsoft.VisualStudio.TestPlatform.CommunicationUtilities.TestRequestSender+<>c__DisplayClass31_0.<StartTestRun>b__1, took 13 ms.
TpTrace Verbose: 0 : 26420, 10, 2022/10/26, 22:25:31.360, 110091674924, vstest.console.dll, TcpClientExtensions.MessageLoopAsync: Polling on remoteEndPoint: 127.0.0.1:55941 localEndPoint: 127.0.0.1:55940
TpTrace Verbose: 0 : 26420, 10, 2022/10/26, 22:25:31.360, 110091675167, vstest.console.dll, TcpClientExtensions.MessageLoopAsync: NotifyDataAvailable remoteEndPoint: 127.0.0.1:55941 localEndPoint: 127.0.0.1:55940
TpTrace Verbose: 0 : 26420, 10, 2022/10/26, 22:25:31.360, 110091676069, vstest.console.dll, TestRequestSender.OnExecutionMessageReceived: Received message: {"Version":7,"MessageType":"TestExecution.StatsChange","Payload":{"NewTestResults":[{"TestCase":{"Id":"4c496c0b-393b-0b02-02cb-ea740103c54b","FullyQualifiedName":"Trader.Api.UnitTests.ItemTransferTests.ShouldGetAll","DisplayName":"Trader.Api.UnitTests.ItemTransferTests.ShouldGetAll","ExecutorUri":"executor://xunit/VsTestRunner2/netcoreapp","Source":"C:\\Users\\icaro\\Documents\\Projetos\\Indg\\Trader\\bin\\Debug\\net6.0\\fine-code-coverage\\build-output\\Trader.Api.dll","CodeFilePath":null,"LineNumber":0,"Properties":[]},"Attachments":[],"Outcome":1,"ErrorMessage":null,"ErrorStackTrace":null,"DisplayName":"Trader.Api.UnitTests.ItemTransferTests.ShouldGetAll","Messages":[],"ComputerName":"ICAROCARVALHO","Duration":"00:00:00.0007775","StartTime":"2022-10-27T01:25:31.346656+00:00","EndTime":"2022-10-27T01:25:31.346656+00:00","Properties":[]},{"TestCase":{"Id":"42e06b69-9770-9c1e-eaf2-bd45dfac8b86","FullyQualifiedName":"Trader.Api.UnitTests.ItemTests.ShouldNotUpdateItemAlreadyExists","DisplayName":"Trader.Api.UnitTests.ItemTests.ShouldNotUpdateItemAlreadyExists","ExecutorUri":"executor://xunit/VsTestRunner2/netcoreapp","Source":"C:\\Users\\icaro\\Documents\\Projetos\\Indg\\Trader\\bin\\Debug\\net6.0\\fine-code-coverage\\build-output\\Trader.Api.dll","CodeFilePath":null,"LineNumber":0,"Properties":[]},"Attachments":[],"Outcome":1,"ErrorMessage":null,"ErrorStackTrace":null,"DisplayName":"Trader.Api.UnitTests.ItemTests.ShouldNotUpdateItemAlreadyExists","Messages":[],"ComputerName":"ICAROCARVALHO","Duration":"00:00:00.0012638","StartTime":"2022-10-27T01:25:31.3480109+00:00","EndTime":"2022-10-27T01:25:31.3480109+00:00","Properties":[]},{"TestCase":{"Id":"cee9b1ba-9867-55d6-a2e9-fdf330699f5b","FullyQualifiedName":"Trader.Api.UnitTests.PersonTests.ShouldNotUpdatePersonNameAlreadyExists","DisplayName":"Trader.Api.UnitTests.PersonTests.ShouldNotUpdatePersonNameAlreadyExists(PersonId: 1, Name: \"Marcos\")","ExecutorUri":"executor://xunit/VsTestRunner2/netcoreapp","Source":"C:\\Users\\icaro\\Documents\\Projetos\\Indg\\Trader\\bin\\Debug\\net6.0\\fine-code-coverage\\build-output\\Trader.Api.dll","CodeFilePath":null,"LineNumber":0,"Properties":[]},"Attachments":[],"Outcome":1,"ErrorMessage":null,"ErrorStackTrace":null,"DisplayName":"Trader.Api.UnitTests.PersonTests.ShouldNotUpdatePersonNameAlreadyExists(PersonId: 1, Name: \"Marcos\")","Messages":[],"ComputerName":"ICAROCARVALHO","Duration":"00:00:00.0017369","StartTime":"2022-10-27T01:25:31.3492514+00:00","EndTime":"2022-10-27T01:25:31.3492515+00:00","Properties":[]},{"TestCase":{"Id":"8c98ec49-93d9-9807-ca98-8263032bc4f6","FullyQualifiedName":"Trader.Api.UnitTests.ItemTransferTests.ShouldNotTransferItemItemInactive","DisplayName":"Trader.Api.UnitTests.ItemTransferTests.ShouldNotTransferItemItemInactive","ExecutorUri":"executor://xunit/VsTestRunner2/netcoreapp","Source":"C:\\Users\\icaro\\Documents\\Projetos\\Indg\\Trader\\bin\\Debug\\net6.0\\fine-code-coverage\\build-output\\Trader.Api.dll","CodeFilePath":null,"LineNumber":0,"Properties":[]},"Attachments":[],"Outcome":1,"ErrorMessage":null,"ErrorStackTrace":null,"DisplayName":"Trader.Api.UnitTests.ItemTransferTests.ShouldNotTransferItemItemInactive","Messages":[],"ComputerName":"ICAROCARVALHO","Duration":"00:00:00.0015906","StartTime":"2022-10-27T01:25:31.3502975+00:00","EndTime":"2022-10-27T01:25:31.3502975+00:00","Properties":[]},{"TestCase":{"Id":"485a2e86-1106-f427-5a4f-46fb5a3293a5","FullyQualifiedName":"Trader.Api.UnitTests.ItemTests.ShouldDeleteItem","DisplayName":"Trader.Api.UnitTests.ItemTests.ShouldDeleteItem","ExecutorUri":"executor://xunit/VsTestRunner2/netcoreapp","Source":"C:\\Users\\icaro\\Documents\\Projetos\\Indg\\Trader\\bin\\Debug\\net6.0\\fine-code-coverage\\build-output\\Trader.Api.dll","CodeFilePath":null,"LineNumber":0,"Properties":[]},"Attachments":[],"Outcome":1,"ErrorMessage":null,"ErrorStackTrace":null,"DisplayName":"Trader.Api.UnitTests.ItemTests.ShouldDeleteItem","Messages":[],"ComputerName":"ICAROCARVALHO","Duration":"00:00:00.0008912","StartTime":"2022-10-27T01:25:31.3512885+00:00","EndTime":"2022-10-27T01:25:31.3512885+00:00","Properties":[]},{"TestCase":{"Id":"6ae10191-6a44-c5eb-25bc-509a3325e101","FullyQualifiedName":"Trader.Api.UnitTests.ItemTests.ShouldNotFound","DisplayName":"Trader.Api.UnitTests.ItemTests.ShouldNotFound","ExecutorUri":"executor://xunit/VsTestRunner2/netcoreapp","Source":"C:\\Users\\icaro\\Documents\\Projetos\\Indg\\Trader\\bin\\Debug\\net6.0\\fine-code-coverage\\build-output\\Trader.Api.dll","CodeFilePath":null,"LineNumber":0,"Properties":[]},"Attachments":[],"Outcome":1,"ErrorMessage":null,"ErrorStackTrace":null,"DisplayName":"Trader.Api.UnitTests.ItemTests.ShouldNotFound","Messages":[],"ComputerName":"ICAROCARVALHO","Duration":"00:00:00.0010002","StartTime":"2022-10-27T01:25:31.35228+00:00","EndTime":"2022-10-27T01:25:31.35228+00:00","Properties":[]},{"TestCase":{"Id":"98d16d27-d554-9a4d-d37e-2b4619ec7484","FullyQualifiedName":"Trader.Api.UnitTests.ItemTransferTests.ShouldTransferItem","DisplayName":"Trader.Api.UnitTests.ItemTransferTests.ShouldTransferItem","ExecutorUri":"executor://xunit/VsTestRunner2/netcoreapp","Source":"C:\\Users\\icaro\\Documents\\Projetos\\Indg\\Trader\\bin\\Debug\\net6.0\\fine-code-coverage\\build-output\\Trader.Api.dll","CodeFilePath":null,"LineNumber":0,"Properties":[]},"Attachments":[],"Outcome":1,"ErrorMessage":null,"ErrorStackTrace":null,"DisplayName":"Trader.Api.UnitTests.ItemTransferTests.ShouldTransferItem","Messages":[],"ComputerName":"ICAROCARVALHO","Duration":"00:00:00.0018607","StartTime":"2022-10-27T01:25:31.3532107+00:00","EndTime":"2022-10-27T01:25:31.3532107+00:00","Properties":[]},{"TestCase":{"Id":"bf4adaef-80ef-1107-b15d-8d260dae19cb","FullyQualifiedName":"Trader.Api.UnitTests.PersonTests.ShouldInsertPerson","DisplayName":"Trader.Api.UnitTests.PersonTests.ShouldInsertPerson","ExecutorUri":"executor://xunit/VsTestRunner2/netcoreapp","Source":"C:\\Users\\icaro\\Documents\\Projetos\\Indg\\Trader\\bin\\Debug\\net6.0\\fine-code-coverage\\build-output\\Trader.Api.dll","CodeFilePath":null,"LineNumber":0,"Properties":[]},"Attachments":[],"Outcome":1,"ErrorMessage":null,"ErrorStackTrace":null,"DisplayName":"Trader.Api.UnitTests.PersonTests.ShouldInsertPerson","Messages":[],"ComputerName":"ICAROCARVALHO","Duration":"00:00:00.0020674","StartTime":"2022-10-27T01:25:31.3537545+00:00","EndTime":"2022-10-27T01:25:31.3537546+00:00","Properties":[]}],"TestRunStatistics":{"ExecutedTests":15,"Stats":{"Passed":15}},"ActiveTests":[{"Id":"994965c7-89c0-ed41-ae22-8bb8bb87de59","FullyQualifiedName":"Trader.Api.UnitTests.ItemTests.ShouldChangeOwnerItem","DisplayName":"Trader.Api.UnitTests.ItemTests.ShouldChangeOwnerItem","ExecutorUri":"executor://xunit/VsTestRunner2/netcoreapp","Source":"C:\\Users\\icaro\\Documents\\Projetos\\Indg\\Trader\\bin\\Debug\\net6.0\\fine-code-coverage\\build-output\\Trader.Api.dll","CodeFilePath":null,"LineNumber":0,"Properties":[]},{"Id":"c3b5d27a-9a01-fed3-5aaa-98a6fb9e222b","FullyQualifiedName":"Trader.Api.UnitTests.PersonTests.ShouldNotInsertPersonWithSameName","DisplayName":"Trader.Api.UnitTests.PersonTests.ShouldNotInsertPersonWithSameName","ExecutorUri":"executor://xunit/VsTestRunner2/netcoreapp","Source":"C:\\Users\\icaro\\Documents\\Projetos\\Indg\\Trader\\bin\\Debug\\net6.0\\fine-code-coverage\\build-output\\Trader.Api.dll","CodeFilePath":null,"LineNumber":0,"Properties":[]}]}}
TpTrace Verbose: 0 : 26420, 10, 2022/10/26, 22:25:31.360, 110091679984, vstest.console.dll, TestRunRequest:SendTestRunStatsChange: Starting.
TpTrace Verbose: 0 : 26420, 10, 2022/10/26, 22:25:31.360, 110091680302, vstest.console.dll, InProgress is Trader.Api.UnitTests.ItemTests.ShouldChangeOwnerItem
TpTrace Verbose: 0 : 26420, 10, 2022/10/26, 22:25:31.360, 110091680467, vstest.console.dll, InProgress is Trader.Api.UnitTests.PersonTests.ShouldNotInsertPersonWithSameName
TpTrace Verbose: 0 : 26420, 10, 2022/10/26, 22:25:31.360, 110091680687, vstest.console.dll, MulticastDelegateUtilities.SafeInvoke: TestRun.RunStatsChanged: Invoking callbacks was skipped because there are no subscribers.
TpTrace Information: 0 : 26420, 10, 2022/10/26, 22:25:31.360, 110091680872, vstest.console.dll, TestRunRequest:SendTestRunStatsChange: Completed.
TpTrace Verbose: 0 : 26420, 10, 2022/10/26, 22:25:31.360, 110091681027, vstest.console.dll, MulticastDelegateUtilities.SafeInvoke: LengthPrefixCommunicationChannel: MessageReceived: Invoking callback 1/1 for Microsoft.VisualStudio.TestPlatform.CommunicationUtilities.TestRequestSender+<>c__DisplayClass31_0.<StartTestRun>b__1, took 0 ms.
TpTrace Verbose: 0 : 26420, 10, 2022/10/26, 22:25:31.360, 110091681166, vstest.console.dll, TcpClientExtensions.MessageLoopAsync: Polling on remoteEndPoint: 127.0.0.1:55941 localEndPoint: 127.0.0.1:55940
TpTrace Verbose: 0 : 26420, 10, 2022/10/26, 22:25:31.363, 110091710482, vstest.console.dll, TcpClientExtensions.MessageLoopAsync: NotifyDataAvailable remoteEndPoint: 127.0.0.1:55941 localEndPoint: 127.0.0.1:55940
TpTrace Verbose: 0 : 26420, 10, 2022/10/26, 22:25:31.363, 110091710930, vstest.console.dll, TestRequestSender.OnExecutionMessageReceived: Received message: {"Version":7,"MessageType":"TestSession.Message","Payload":{"MessageLevel":0,"Message":"[xUnit.net 00:00:01.17]   Finished:    Trader.Api"}}
TpTrace Verbose: 0 : 26420, 10, 2022/10/26, 22:25:31.363, 110091711383, vstest.console.dll, TestRunRequest:SendTestRunMessage: Starting.
TpTrace Verbose: 0 : 26420, 10, 2022/10/26, 22:25:31.363, 110091711654, vstest.console.dll, MulticastDelegateUtilities.SafeInvoke: TestRun.LogMessages: Invoking callback 1/1 for Microsoft.VisualStudio.TestPlatform.CommandLine.TestRunResultAggregator.TestRunMessageHandler, took 0 ms.
TpTrace Information: 0 : 26420, 10, 2022/10/26, 22:25:31.363, 110091711805, vstest.console.dll, TestRunRequest:SendTestRunMessage: Completed.
TpTrace Verbose: 0 : 26420, 10, 2022/10/26, 22:25:31.363, 110091711972, vstest.console.dll, MulticastDelegateUtilities.SafeInvoke: LengthPrefixCommunicationChannel: MessageReceived: Invoking callback 1/1 for Microsoft.VisualStudio.TestPlatform.CommunicationUtilities.TestRequestSender+<>c__DisplayClass31_0.<StartTestRun>b__1, took 0 ms.
TpTrace Verbose: 0 : 26420, 10, 2022/10/26, 22:25:31.363, 110091712106, vstest.console.dll, TcpClientExtensions.MessageLoopAsync: Polling on remoteEndPoint: 127.0.0.1:55941 localEndPoint: 127.0.0.1:55940
TpTrace Verbose: 0 : 26420, 4, 2022/10/26, 22:25:31.363, 110091713854, vstest.console.dll, MulticastDelegateUtilities.SafeInvoke: InternalTestLoggerEvents.SendTestResult: Invoking callback 1/1 for Microsoft.VisualStudio.TestPlatform.CommandLine.Internal.ConsoleLogger.TestResultHandler, took 3 ms.
TpTrace Verbose: 0 : 26420, 4, 2022/10/26, 22:25:31.364, 110091714552, vstest.console.dll, MulticastDelegateUtilities.SafeInvoke: InternalTestLoggerEvents.SendTestResult: Invoking callback 1/1 for Microsoft.VisualStudio.TestPlatform.CommandLine.Internal.ConsoleLogger.TestResultHandler, took 0 ms.
TpTrace Verbose: 0 : 26420, 4, 2022/10/26, 22:25:31.364, 110091715056, vstest.console.dll, MulticastDelegateUtilities.SafeInvoke: InternalTestLoggerEvents.SendTestResult: Invoking callback 1/1 for Microsoft.VisualStudio.TestPlatform.CommandLine.Internal.ConsoleLogger.TestResultHandler, took 0 ms.
TpTrace Verbose: 0 : 26420, 4, 2022/10/26, 22:25:31.364, 110091715570, vstest.console.dll, MulticastDelegateUtilities.SafeInvoke: InternalTestLoggerEvents.SendTestResult: Invoking callback 1/1 for Microsoft.VisualStudio.TestPlatform.CommandLine.Internal.ConsoleLogger.TestResultHandler, took 0 ms.
TpTrace Verbose: 0 : 26420, 4, 2022/10/26, 22:25:31.364, 110091716072, vstest.console.dll, MulticastDelegateUtilities.SafeInvoke: InternalTestLoggerEvents.SendTestResult: Invoking callback 1/1 for Microsoft.VisualStudio.TestPlatform.CommandLine.Internal.ConsoleLogger.TestResultHandler, took 0 ms.
TpTrace Verbose: 0 : 26420, 4, 2022/10/26, 22:25:31.364, 110091716593, vstest.console.dll, MulticastDelegateUtilities.SafeInvoke: InternalTestLoggerEvents.SendTestResult: Invoking callback 1/1 for Microsoft.VisualStudio.TestPlatform.CommandLine.Internal.ConsoleLogger.TestResultHandler, took 0 ms.
TpTrace Verbose: 0 : 26420, 4, 2022/10/26, 22:25:31.364, 110091717066, vstest.console.dll, MulticastDelegateUtilities.SafeInvoke: InternalTestLoggerEvents.SendTestResult: Invoking callback 1/1 for Microsoft.VisualStudio.TestPlatform.CommandLine.Internal.ConsoleLogger.TestResultHandler, took 0 ms.
TpTrace Verbose: 0 : 26420, 4, 2022/10/26, 22:25:31.364, 110091717353, vstest.console.dll, MulticastDelegateUtilities.SafeInvoke: InternalTestLoggerEvents.SendTestResult: Invoking callback 1/1 for Microsoft.VisualStudio.TestPlatform.CommandLine.Internal.ConsoleLogger.TestResultHandler, took 0 ms.
TpTrace Verbose: 0 : 26420, 4, 2022/10/26, 22:25:31.364, 110091717593, vstest.console.dll, MulticastDelegateUtilities.SafeInvoke: InternalTestLoggerEvents.SendTestResult: Invoking callback 1/1 for Microsoft.VisualStudio.TestPlatform.CommandLine.Internal.ConsoleLogger.TestResultHandler, took 0 ms.
TpTrace Verbose: 0 : 26420, 4, 2022/10/26, 22:25:31.364, 110091717879, vstest.console.dll, MulticastDelegateUtilities.SafeInvoke: InternalTestLoggerEvents.SendTestResult: Invoking callback 1/1 for Microsoft.VisualStudio.TestPlatform.CommandLine.Internal.ConsoleLogger.TestResultHandler, took 0 ms.
TpTrace Verbose: 0 : 26420, 4, 2022/10/26, 22:25:31.364, 110091718118, vstest.console.dll, MulticastDelegateUtilities.SafeInvoke: InternalTestLoggerEvents.SendTestResult: Invoking callback 1/1 for Microsoft.VisualStudio.TestPlatform.CommandLine.Internal.ConsoleLogger.TestResultHandler, took 0 ms.
TpTrace Verbose: 0 : 26420, 4, 2022/10/26, 22:25:31.365, 110091731104, vstest.console.dll, MulticastDelegateUtilities.SafeInvoke: InternalTestLoggerEvents.SendTestResult: Invoking callback 1/1 for Microsoft.VisualStudio.TestPlatform.CommandLine.Internal.ConsoleLogger.TestResultHandler, took 1 ms.
TpTrace Verbose: 0 : 26420, 4, 2022/10/26, 22:25:31.365, 110091731561, vstest.console.dll, MulticastDelegateUtilities.SafeInvoke: InternalTestLoggerEvents.SendTestResult: Invoking callback 1/1 for Microsoft.VisualStudio.TestPlatform.CommandLine.Internal.ConsoleLogger.TestResultHandler, took 0 ms.
TpTrace Verbose: 0 : 26420, 4, 2022/10/26, 22:25:31.365, 110091731869, vstest.console.dll, MulticastDelegateUtilities.SafeInvoke: InternalTestLoggerEvents.SendTestResult: Invoking callback 1/1 for Microsoft.VisualStudio.TestPlatform.CommandLine.Internal.ConsoleLogger.TestResultHandler, took 0 ms.
TpTrace Verbose: 0 : 26420, 4, 2022/10/26, 22:25:31.365, 110091732129, vstest.console.dll, MulticastDelegateUtilities.SafeInvoke: InternalTestLoggerEvents.SendTestResult: Invoking callback 1/1 for Microsoft.VisualStudio.TestPlatform.CommandLine.Internal.ConsoleLogger.TestResultHandler, took 0 ms.
TpTrace Verbose: 0 : 26420, 4, 2022/10/26, 22:25:31.365, 110091732319, vstest.console.dll, MulticastDelegateUtilities.SafeInvoke: InternalTestLoggerEvents.SendTestRunMessage: Invoking callback 1/1 for Microsoft.VisualStudio.TestPlatform.CommandLine.Internal.ConsoleLogger.TestMessageHandler, took 0 ms.
TpTrace Verbose: 0 : 26420, 10, 2022/10/26, 22:25:31.374, 110091818825, vstest.console.dll, TcpClientExtensions.MessageLoopAsync: NotifyDataAvailable remoteEndPoint: 127.0.0.1:55941 localEndPoint: 127.0.0.1:55940
TpTrace Verbose: 0 : 26420, 10, 2022/10/26, 22:25:31.374, 110091820040, vstest.console.dll, TestRequestSender.OnExecutionMessageReceived: Received message: {"Version":7,"MessageType":"TestExecution.Completed","Payload":{"TestRunCompleteArgs":{"TestRunStatistics":{"ExecutedTests":23,"Stats":{"Passed":23}},"IsCanceled":false,"IsAborted":false,"Error":null,"AttachmentSets":[],"InvokedDataCollectors":[],"ElapsedTimeInRunningTests":"00:00:01.1851993","Metrics":{},"DiscoveredExtensions":{"TestDiscoverers":["Xunit.Runner.VisualStudio.VsTestRunner, xunit.runner.visualstudio.dotnetcore.testadapter, Version=2.4.0.0, Culture=neutral, PublicKeyToken=8d05b1bb7a6fdb6c"],"TestExecutors":["executor://xunit/VsTestRunner2/netcoreapp"],"TestExecutors2":[],"TestSettingsProviders":[]}},"LastRunTests":{"NewTestResults":[{"TestCase":{"Id":"994965c7-89c0-ed41-ae22-8bb8bb87de59","FullyQualifiedName":"Trader.Api.UnitTests.ItemTests.ShouldChangeOwnerItem","DisplayName":"Trader.Api.UnitTests.ItemTests.ShouldChangeOwnerItem","ExecutorUri":"executor://xunit/VsTestRunner2/netcoreapp","Source":"C:\\Users\\icaro\\Documents\\Projetos\\Indg\\Trader\\bin\\Debug\\net6.0\\fine-code-coverage\\build-output\\Trader.Api.dll","CodeFilePath":null,"LineNumber":0,"Properties":[]},"Attachments":[],"Outcome":1,"ErrorMessage":null,"ErrorStackTrace":null,"DisplayName":"Trader.Api.UnitTests.ItemTests.ShouldChangeOwnerItem","Messages":[],"ComputerName":"ICAROCARVALHO","Duration":"00:00:00.0009287","StartTime":"2022-10-27T01:25:31.3558959+00:00","EndTime":"2022-10-27T01:25:31.3558959+00:00","Properties":[]},{"TestCase":{"Id":"c3b5d27a-9a01-fed3-5aaa-98a6fb9e222b","FullyQualifiedName":"Trader.Api.UnitTests.PersonTests.ShouldNotInsertPersonWithSameName","DisplayName":"Trader.Api.UnitTests.PersonTests.ShouldNotInsertPersonWithSameName","ExecutorUri":"executor://xunit/VsTestRunner2/netcoreapp","Source":"C:\\Users\\icaro\\Documents\\Projetos\\Indg\\Trader\\bin\\Debug\\net6.0\\fine-code-coverage\\build-output\\Trader.Api.dll","CodeFilePath":null,"LineNumber":0,"Properties":[]},"Attachments":[],"Outcome":1,"ErrorMessage":null,"ErrorStackTrace":null,"DisplayName":"Trader.Api.UnitTests.PersonTests.ShouldNotInsertPersonWithSameName","Messages":[],"ComputerName":"ICAROCARVALHO","Duration":"00:00:00.0007716","StartTime":"2022-10-27T01:25:31.3569576+00:00","EndTime":"2022-10-27T01:25:31.3569577+00:00","Properties":[]},{"TestCase":{"Id":"e2c40763-36d8-75e6-99f3-fe390a6e5eac","FullyQualifiedName":"Trader.Api.UnitTests.PersonTests.ShouldNotFindUser","DisplayName":"Trader.Api.UnitTests.PersonTests.ShouldNotFindUser","ExecutorUri":"executor://xunit/VsTestRunner2/netcoreapp","Source":"C:\\Users\\icaro\\Documents\\Projetos\\Indg\\Trader\\bin\\Debug\\net6.0\\fine-code-coverage\\build-output\\Trader.Api.dll","CodeFilePath":null,"LineNumber":0,"Properties":[]},"Attachments":[],"Outcome":1,"ErrorMessage":null,"ErrorStackTrace":null,"DisplayName":"Trader.Api.UnitTests.PersonTests.ShouldNotFindUser","Messages":[],"ComputerName":"ICAROCARVALHO","Duration":"00:00:00.0007121","StartTime":"2022-10-27T01:25:31.3579567+00:00","EndTime":"2022-10-27T01:25:31.3579567+00:00","Properties":[]},{"TestCase":{"Id":"9266db0b-c73c-95bf-6f43-ac9510416a02","FullyQualifiedName":"Trader.Api.UnitTests.PersonTests.ShouldUpdatePerson","DisplayName":"Trader.Api.UnitTests.PersonTests.ShouldUpdatePerson(PersonId: 1, Name: \"Marcos\")","ExecutorUri":"executor://xunit/VsTestRunner2/netcoreapp","Source":"C:\\Users\\icaro\\Documents\\Projetos\\Indg\\Trader\\bin\\Debug\\net6.0\\fine-code-coverage\\build-output\\Trader.Api.dll","CodeFilePath":null,"LineNumber":0,"Properties":[]},"Attachments":[],"Outcome":1,"ErrorMessage":null,"ErrorStackTrace":null,"DisplayName":"Trader.Api.UnitTests.PersonTests.ShouldUpdatePerson(PersonId: 1, Name: \"Marcos\")","Messages":[],"ComputerName":"ICAROCARVALHO","Duration":"00:00:00.0006443","StartTime":"2022-10-27T01:25:31.3589551+00:00","EndTime":"2022-10-27T01:25:31.3589552+00:00","Properties":[]},{"TestCase":{"Id":"35d5ce86-70ab-063d-e226-1e0ba3b2533d","FullyQualifiedName":"Trader.Api.UnitTests.ItemTests.ShouldNotInserItemInactivePerson","DisplayName":"Trader.Api.UnitTests.ItemTests.ShouldNotInserItemInactivePerson","ExecutorUri":"executor://xunit/VsTestRunner2/netcoreapp","Source":"C:\\Users\\icaro\\Documents\\Projetos\\Indg\\Trader\\bin\\Debug\\net6.0\\fine-code-coverage\\build-output\\Trader.Api.dll","CodeFilePath":null,"LineNumber":0,"Properties":[]},"Attachments":[],"Outcome":1,"ErrorMessage":null,"ErrorStackTrace":null,"DisplayName":"Trader.Api.UnitTests.ItemTests.ShouldNotInserItemInactivePerson","Messages":[],"ComputerName":"ICAROCARVALHO","Duration":"00:00:00.0017633","StartTime":"2022-10-27T01:25:31.3594813+00:00","EndTime":"2022-10-27T01:25:31.3594814+00:00","Properties":[]},{"TestCase":{"Id":"49286f2a-6ece-3052-f29b-75966931b147","FullyQualifiedName":"Trader.Api.UnitTests.ItemTests.ShouldInserItem","DisplayName":"Trader.Api.UnitTests.ItemTests.ShouldInserItem","ExecutorUri":"executor://xunit/VsTestRunner2/netcoreapp","Source":"C:\\Users\\icaro\\Documents\\Projetos\\Indg\\Trader\\bin\\Debug\\net6.0\\fine-code-coverage\\build-output\\Trader.Api.dll","CodeFilePath":null,"LineNumber":0,"Properties":[]},"Attachments":[],"Outcome":1,"ErrorMessage":null,"ErrorStackTrace":null,"DisplayName":"Trader.Api.UnitTests.ItemTests.ShouldInserItem","Messages":[],"ComputerName":"ICAROCARVALHO","Duration":"00:00:00.0010148","StartTime":"2022-10-27T01:25:31.3604958+00:00","EndTime":"2022-10-27T01:25:31.3604958+00:00","Properties":[]},{"TestCase":{"Id":"4929d299-9459-c2c0-6cca-9a39f1c70a00","FullyQualifiedName":"Trader.Api.UnitTests.ItemTests.ShouldNotChangeOwnerItemChanceItemName","DisplayName":"Trader.Api.UnitTests.ItemTests.ShouldNotChangeOwnerItemChanceItemName","ExecutorUri":"executor://xunit/VsTestRunner2/netcoreapp","Source":"C:\\Users\\icaro\\Documents\\Projetos\\Indg\\Trader\\bin\\Debug\\net6.0\\fine-code-coverage\\build-output\\Trader.Api.dll","CodeFilePath":null,"LineNumber":0,"Properties":[]},"Attachments":[],"Outcome":1,"ErrorMessage":null,"ErrorStackTrace":null,"DisplayName":"Trader.Api.UnitTests.ItemTests.ShouldNotChangeOwnerItemChanceItemName","Messages":[],"ComputerName":"ICAROCARVALHO","Duration":"00:00:00.0009095","StartTime":"2022-10-27T01:25:31.3615012+00:00","EndTime":"2022-10-27T01:25:31.3615013+00:00","Properties":[]},{"TestCase":{"Id":"88981672-7399-1c7c-d6e1-0ef556bd90aa","FullyQualifiedName":"Trader.Api.UnitTests.ItemTests.ShouldGetItemById","DisplayName":"Trader.Api.UnitTests.ItemTests.ShouldGetItemById","ExecutorUri":"executor://xunit/VsTestRunner2/netcoreapp","Source":"C:\\Users\\icaro\\Documents\\Projetos\\Indg\\Trader\\bin\\Debug\\net6.0\\fine-code-coverage\\build-output\\Trader.Api.dll","CodeFilePath":null,"LineNumber":0,"Properties":[]},"Attachments":[],"Outcome":1,"ErrorMessage":null,"ErrorStackTrace":null,"DisplayName":"Trader.Api.UnitTests.ItemTests.ShouldGetItemById","Messages":[],"ComputerName":"ICAROCARVALHO","Duration":"00:00:00.0005835","StartTime":"2022-10-27T01:25:31.3625029+00:00","EndTime":"2022-10-27T01:25:31.362503+00:00","Properties":[]}],"TestRunStatistics":{"ExecutedTests":23,"Stats":{"Passed":23}},"ActiveTests":[]},"RunAttachments":[],"ExecutorUris":["executor://xunit/VsTestRunner2/netcoreapp"]}}
TpTrace Verbose: 0 : 26420, 10, 2022/10/26, 22:25:31.374, 110091821013, vstest.console.dll, TestRequestSender.EndSession: Sending end session.
TpTrace Verbose: 0 : 26420, 10, 2022/10/26, 22:25:31.374, 110091821886, vstest.console.dll, ProxyOperationManager.Close: waiting for test host to exit for 100 ms
TpTrace Warning: 0 : 26420, 12, 2022/10/26, 22:25:31.387, 110091947473, vstest.console.dll, TestHostManagerCallbacks.ErrorReceivedCallback Test host standard error line: 
TpTrace Verbose: 0 : 26420, 12, 2022/10/26, 22:25:31.401, 110092090428, vstest.console.dll, TestHostProvider.ExitCallBack: Host exited starting callback.
TpTrace Information: 0 : 26420, 12, 2022/10/26, 22:25:31.401, 110092093276, vstest.console.dll, TestHostManagerCallbacks.ExitCallBack: Testhost processId: 24108 exited with exitcode: 0 error: ''
TpTrace Verbose: 0 : 26420, 12, 2022/10/26, 22:25:31.401, 110092093633, vstest.console.dll, DotnetTestHostManager.OnHostExited: invoking OnHostExited callback
TpTrace Verbose: 0 : 26420, 12, 2022/10/26, 22:25:31.401, 110092094015, vstest.console.dll, CrossPlatEngine.TestHostManagerHostExited: calling on client process exit callback.
TpTrace Information: 0 : 26420, 12, 2022/10/26, 22:25:31.402, 110092094372, vstest.console.dll, TestRequestSender.OnClientProcessExit: Test host process exited. Standard error: 
TpTrace Information: 0 : 26420, 12, 2022/10/26, 22:25:31.402, 110092094618, vstest.console.dll, SocketServer.Stop: Stop server endPoint: 127.0.0.1:55940
TpTrace Information: 0 : 26420, 10, 2022/10/26, 22:25:31.402, 110092094593, vstest.console.dll, SocketServer.Stop: Stop server endPoint: 127.0.0.1:55940
TpTrace Information: 0 : 26420, 12, 2022/10/26, 22:25:31.402, 110092094781, vstest.console.dll, SocketServer.Stop: Cancellation requested. Stopping message loop.
TpTrace Information: 0 : 26420, 10, 2022/10/26, 22:25:31.402, 110092095087, vstest.console.dll, SocketServer.Stop: Cancellation requested. Stopping message loop.
TpTrace Information: 0 : 26420, 10, 2022/10/26, 22:25:31.402, 110092095796, vstest.console.dll, Closing the connection
TpTrace Verbose: 0 : 26420, 12, 2022/10/26, 22:25:31.402, 110092096094, vstest.console.dll, MulticastDelegateUtilities.SafeInvoke: HostProviderEvents.OnHostExited: Invoking callback 1/1 for Microsoft.VisualStudio.TestPlatform.CrossPlatEngine.Client.ProxyOperationManager.TestHostManagerHostExited, took 0 ms.
TpTrace Verbose: 0 : 26420, 10, 2022/10/26, 22:25:31.402, 110092097276, vstest.console.dll, ProxyDataCollectionManager.InvokeDataCollectionServiceAction: Starting.
TpTrace Information: 0 : 26420, 10, 2022/10/26, 22:25:31.402, 110092097561, vstest.console.dll, ProxyDataCollectionManager.AfterTestRunEnd: Get attachment set and invoked data collectors processId: 16316 port: 55937
TpTrace Verbose: 0 : 26420, 10, 2022/10/26, 22:25:31.402, 110092097922, vstest.console.dll, DataCollectionRequestSender.SendAfterTestRunStartAndGetResult: Send AfterTestRunEnd message with isCancelled: False
TpTrace Verbose: 0 : 26420, 10, 2022/10/26, 22:25:31.406, 110092143638, vstest.console.dll, DataCollectionRequestSender.SendAfterTestRunStartAndGetResult: Received message: (DataCollection.AfterTestRunEndResult) -> {"MessageType":"DataCollection.AfterTestRunEndResult","Payload":{"AttachmentSets":[],"InvokedDataCollectors":[{"Uri":"datacollector://Microsoft/TestPlatform/Extensions/Blame/v1","FriendlyName":"Blame","AssemblyQualifiedName":"Microsoft.TestPlatform.Extensions.BlameDataCollector.BlameCollector, Microsoft.TestPlatform.Extensions.BlameDataCollector, Version=15.0.0.0, Culture=neutral, PublicKeyToken=b03f5f7f11d50a3a","FilePath":"C:\\Program Files\\dotnet\\sdk\\6.0.402\\Extensions\\Microsoft.TestPlatform.Extensions.BlameDataCollector.dll","HasAttachmentProcessor":false}],"Metrics":{}}}
TpTrace Warning: 0 : 26420, 9, 2022/10/26, 22:25:31.409, 110092172872, vstest.console.dll, DataCollectionLauncher.ErrorReceivedCallback datacollector standard error line: 
TpTrace Information: 0 : 26420, 10, 2022/10/26, 22:25:31.410, 110092178013, vstest.console.dll, ProxyDataCollectionManager.InvokeDataCollectionServiceAction: Completed.
TpTrace Information: 0 : 26420, 9, 2022/10/26, 22:25:31.412, 110092198187, vstest.console.dll, DataCollectionLauncher.ExitCallBack: Data collector exited with exitcode: 0 error: ''
TpTrace Verbose: 0 : 26420, 10, 2022/10/26, 22:25:31.434, 110092420549, vstest.console.dll, TestRunRequest:SendTestRunStatsChange: Starting.
TpTrace Verbose: 0 : 26420, 10, 2022/10/26, 22:25:31.434, 110092421256, vstest.console.dll, MulticastDelegateUtilities.SafeInvoke: TestRun.RunStatsChanged: Invoking callbacks was skipped because there are no subscribers.
TpTrace Information: 0 : 26420, 10, 2022/10/26, 22:25:31.434, 110092421472, vstest.console.dll, TestRunRequest:SendTestRunStatsChange: Completed.
TpTrace Verbose: 0 : 26420, 4, 2022/10/26, 22:25:31.434, 110092421693, vstest.console.dll, MulticastDelegateUtilities.SafeInvoke: InternalTestLoggerEvents.SendTestResult: Invoking callback 1/1 for Microsoft.VisualStudio.TestPlatform.CommandLine.Internal.ConsoleLogger.TestResultHandler, took 0 ms.
TpTrace Verbose: 0 : 26420, 4, 2022/10/26, 22:25:31.434, 110092422216, vstest.console.dll, MulticastDelegateUtilities.SafeInvoke: InternalTestLoggerEvents.SendTestResult: Invoking callback 1/1 for Microsoft.VisualStudio.TestPlatform.CommandLine.Internal.ConsoleLogger.TestResultHandler, took 0 ms.
TpTrace Verbose: 0 : 26420, 4, 2022/10/26, 22:25:31.434, 110092422536, vstest.console.dll, MulticastDelegateUtilities.SafeInvoke: InternalTestLoggerEvents.SendTestResult: Invoking callback 1/1 for Microsoft.VisualStudio.TestPlatform.CommandLine.Internal.ConsoleLogger.TestResultHandler, took 0 ms.
TpTrace Verbose: 0 : 26420, 4, 2022/10/26, 22:25:31.434, 110092422878, vstest.console.dll, MulticastDelegateUtilities.SafeInvoke: InternalTestLoggerEvents.SendTestResult: Invoking callback 1/1 for Microsoft.VisualStudio.TestPlatform.CommandLine.Internal.ConsoleLogger.TestResultHandler, took 0 ms.
TpTrace Verbose: 0 : 26420, 4, 2022/10/26, 22:25:31.434, 110092423174, vstest.console.dll, MulticastDelegateUtilities.SafeInvoke: InternalTestLoggerEvents.SendTestResult: Invoking callback 1/1 for Microsoft.VisualStudio.TestPlatform.CommandLine.Internal.ConsoleLogger.TestResultHandler, took 0 ms.
TpTrace Verbose: 0 : 26420, 10, 2022/10/26, 22:25:31.434, 110092423200, vstest.console.dll, ParallelProxyExecutionManager: HandlePartialRunComplete: Total completed clients = 1, Run complete = True, Run canceled: False.
TpTrace Verbose: 0 : 26420, 4, 2022/10/26, 22:25:31.434, 110092423484, vstest.console.dll, MulticastDelegateUtilities.SafeInvoke: InternalTestLoggerEvents.SendTestResult: Invoking callback 1/1 for Microsoft.VisualStudio.TestPlatform.CommandLine.Internal.ConsoleLogger.TestResultHandler, took 0 ms.
TpTrace Verbose: 0 : 26420, 4, 2022/10/26, 22:25:31.434, 110092424026, vstest.console.dll, MulticastDelegateUtilities.SafeInvoke: InternalTestLoggerEvents.SendTestResult: Invoking callback 1/1 for Microsoft.VisualStudio.TestPlatform.CommandLine.Internal.ConsoleLogger.TestResultHandler, took 0 ms.
TpTrace Verbose: 0 : 26420, 4, 2022/10/26, 22:25:31.434, 110092424283, vstest.console.dll, MulticastDelegateUtilities.SafeInvoke: InternalTestLoggerEvents.SendTestResult: Invoking callback 1/1 for Microsoft.VisualStudio.TestPlatform.CommandLine.Internal.ConsoleLogger.TestResultHandler, took 0 ms.
TpTrace Verbose: 0 : 26420, 4, 2022/10/26, 22:25:31.439, 110092468951, vstest.console.dll, MulticastDelegateUtilities.SafeInvoke: InternalTestLoggerEvents.SendTestRunComplete: Invoking callback 1/2 for Microsoft.TestPlatform.Extensions.BlameDataCollector.BlameLogger.TestRunCompleteHandler, took 0 ms.
TpTrace Verbose: 0 : 26420, 4, 2022/10/26, 22:25:31.442, 110092503382, vstest.console.dll, MulticastDelegateUtilities.SafeInvoke: InternalTestLoggerEvents.SendTestRunComplete: Invoking callback 2/2 for Microsoft.VisualStudio.TestPlatform.CommandLine.Internal.ConsoleLogger.TestRunCompleteHandler, took 3 ms.
TpTrace Verbose: 0 : 26420, 10, 2022/10/26, 22:25:31.443, 110092505338, vstest.console.dll, TestRunRequest:TestRunComplete: Starting. IsAborted:False IsCanceled:False.
TpTrace Verbose: 0 : 26420, 10, 2022/10/26, 22:25:31.443, 110092512009, vstest.console.dll, TestLoggerManager.HandleTestRunComplete: Ignoring as the object is disposed.
TpTrace Verbose: 0 : 26420, 10, 2022/10/26, 22:25:31.443, 110092513157, vstest.console.dll, MulticastDelegateUtilities.SafeInvoke: TestRun.TestRunComplete: Invoking callback 1/2 for Microsoft.VisualStudio.TestPlatform.CommandLine.TestRunResultAggregator.TestRunCompletionHandler, took 0 ms.
TpTrace Verbose: 0 : 26420, 10, 2022/10/26, 22:25:31.443, 110092513665, vstest.console.dll, MulticastDelegateUtilities.SafeInvoke: TestRun.TestRunComplete: Invoking callback 2/2 for Microsoft.VisualStudio.TestPlatform.CommandLine.Processors.RunTestsArgumentExecutor+TestRunRequestEventsRegistrar.TestRunRequest_OnRunCompletion, took 0 ms.
TpTrace Information: 0 : 26420, 10, 2022/10/26, 22:25:31.443, 110092514313, vstest.console.dll, TestRunRequest:TestRunComplete: Completed.
TpTrace Verbose: 0 : 26420, 1, 2022/10/26, 22:25:31.444, 110092514385, vstest.console.dll, TestRunRequest.Dispose: Starting.
TpTrace Verbose: 0 : 26420, 10, 2022/10/26, 22:25:31.444, 110092514546, vstest.console.dll, TestRequestSender.SetOperationComplete: Setting operation complete.
TpTrace Information: 0 : 26420, 1, 2022/10/26, 22:25:31.444, 110092514906, vstest.console.dll, TestRunRequest.Dispose: Completed.
TpTrace Information: 0 : 26420, 10, 2022/10/26, 22:25:31.444, 110092515417, vstest.console.dll, SocketServer.Stop: Stop server endPoint: 127.0.0.1:55940
TpTrace Information: 0 : 26420, 10, 2022/10/26, 22:25:31.444, 110092515745, vstest.console.dll, SocketServer.Stop: Cancellation requested. Stopping message loop.
TpTrace Information: 0 : 26420, 1, 2022/10/26, 22:25:31.444, 110092515910, vstest.console.dll, TestRequestManager.RunTests: run tests completed.
TpTrace Verbose: 0 : 26420, 10, 2022/10/26, 22:25:31.444, 110092516005, vstest.console.dll, MulticastDelegateUtilities.SafeInvoke: LengthPrefixCommunicationChannel: MessageReceived: Invoking callback 1/1 for Microsoft.VisualStudio.TestPlatform.CommunicationUtilities.TestRequestSender+<>c__DisplayClass31_0.<StartTestRun>b__1, took 69 ms.
TpTrace Information: 0 : 26420, 10, 2022/10/26, 22:25:31.444, 110092516597, vstest.console.dll, SocketServer.PrivateStop: Stopping server endPoint: 127.0.0.1:55940 error: 
TpTrace Information: 0 : 26420, 1, 2022/10/26, 22:25:31.444, 110092516629, vstest.console.dll, RunTestsArgumentProcessor:Execute: Test run is completed.
TpTrace Verbose: 0 : 26420, 1, 2022/10/26, 22:25:31.444, 110092518225, vstest.console.dll, Executor.Execute: Exiting with exit code of 0
TpTrace Verbose: 0 : 26420, 10, 2022/10/26, 22:25:31.444, 110092520280, vstest.console.dll, LengthPrefixCommunicationChannel.Dispose: Dispose reader and writer.
TpTrace Information: 0 : 26420, 10, 2022/10/26, 22:25:31.444, 110092521005, vstest.console.dll, SocketServer.Stop: Raise disconnected event endPoint: 127.0.0.1:55940 error: 
